This is MetaPost, version 2.11 (TeX Live 2025) (kpathsea version 6.4.1)  25 AUG 2025 18:53
**/home/bastien/LocalRepo/Explore/Metafont/Glyphs/Latin1/98.mf
(/usr/local/texlive/2025/texmf-dist/metapost/base/mfplain.mp
Preloading the plain base, version 0.99: preliminaries,
 basic constants and mathematical macros,
 macros for converting units,
 macros and tables for various modes of operation,
 macros for drawing and filling,
 macros for proof labels and rules,
 macros for character and font administration,
and a few last-minute items.)
(/home/bastien/LocalRepo/Explore/Metafont/Glyphs/Latin1/98.mf
! I can't open file `../Config/ExploreSansCFG.mf'.
l.1 input ../Config/ExploreSansCFG.mf
                                     ;
Please type another input file name: 
! Emergency stop.
l.1 input ../Config/ExploreSansCFG.mf
                                     ;
End of file on the terminal!


