This is MetaPost, version 2.11 (TeX Live 2025) (kpathsea version 6.4.1)  1 SEP 2025 18:57
**../Glyphs/Latin1/106.mf
(/usr/local/texlive/2025/texmf-dist/metapost/base/mfplain.mp
Preloading the plain base, version 0.99: preliminaries,
 basic constants and mathematical macros,
 macros for converting units,
 macros and tables for various modes of operation,
 macros for drawing and filling,
 macros for proof labels and rules,
 macros for character and font administration,
and a few last-minute items.) (../Glyphs/Latin1/106.mf
(../Config/ExploreSansCFG.mf (../Config/Library.mf) (../Config/Defs.mf))
>> y2
! Undefined y coordinate has been replaced by 0.
<to be read again> 
                   {
l.41 fill z1l -- z1r -- z2r{
                            down}..tsn..z3r{left}...z4r -- z4l...z3l{right}....

? 
>> y2
! Undefined y coordinate has been replaced by 0.
<to be read again> 
                   {
l.41 ...z3r{left}...z4r -- z4l...z3l{right}...z2l{
                                                  up} -- cycle;
? 
[106] )
1 output file written: 106.svg

