This is MetaPost, version 2.02 (TeX Live 2022/Debian) (kpathsea version 6.3.4)  1 JUN 2025 23:49
**../Glyphs/Latin1/50.mf
(/usr/share/texlive/texmf-dist/metapost/base/mfplain.mp
Preloading the plain base, version 0.99: preliminaries,
 basic constants and mathematical macros,
 macros for converting units,
 macros and tables for various modes of operation,
 macros for drawing and filling,
 macros for proof labels and rules,
 macros for character and font administration,
and a few last-minute items.) (../Glyphs/Latin1/50.mf
(../Config/ExploreSansCFG.mf)
{tracingtitles:=1}
{tracingequations:=1}
{tracingcapsules:=1}
{tracingspecs:=2}
{tracingchoices:=1}
{tracinglostchars:=1}
{tracingstats:=1}
{tracingoutput:=1}
{tracingmacros:=1}
{tracingrestores:=1}

newchar(EXPR0)(EXPR1)(EXPR2)->mode_setup;PROP_WIDTH:=(EXPR1);SERIF_C:=(EXPR2);i
f.MONOSPACE=true:WIDTH:=MONO_WIDTH#;LINE_BEARING:=MONO_LINE_BEARING;CURVE_BEARI
NG:=MONO_CURVE_BEARING;else:if.SERIF=true:WIDTH:=PROP_WIDTH*STRETCH;else:WIDTH:
=PROP_WIDTH*STRETCH;fi.fi.define_pixels(SERIF_LENGTH);define_pixels(TERM_LENGTH
);beginchar((EXPR0),WIDTH,EM_H,DEPTH);
(EXPR0)<-50
{(5.5)*(1)}
(EXPR1)<-5.5
(EXPR2)<-0

mode_setup->if.unknown.mode:mode=proof;fi.numeric.aspect_ratio;transform.curren
ttransform;scantokens.if.string.mode:("input "&mode)else:mode_name[mode]fi;if.u
nknown.mag:mag=1;fi.if.unknown.aspect_ratio:aspect_ratio=1;fi.bp_per_pixel:=bpp
pix_*mag;scantokens.extra_setup;if.unknown.currenttransform:currenttransform=id
entity;fi.clearit;pickup.pencircle.scaled(0.4pt+blacker);
{if}
{unknown(mode)}
{true}
{(mode)=(1)}
## mode=1
{fi}
{numeric}
{transform}
{scantokens}
{if}
{string(1)}
{false}
{fi}

proof_->proofing:=2;fontmaking:=0;tracingtitles:=1;blacker:=0;o_correction:=1;i
f.unknown.mag:mag=36;else:mag:=36mag;fi
{proofing:=2}
{fontmaking:=0}
{tracingtitles:=1}
{blacker:=0}
{o_correction:=1}
{if}
{unknown(mag)}
{true}
{(mag)=(36)}
## mag=36
{else}
{if}
{unknown(36)}
{false}
{if}
{unknown(aspect_ratio)}
{true}
{(aspect_ratio)=(1)}
## aspect_ratio=1
{fi}
{(0.02)*(36)}
{bp_per_pixel:=0.72015}
{scantokens}
{if}
{unknown((xpart currenttransform,ypart currenttransform,xxpart currenttransform
,xypart currenttransform,yxpart currenttransform,yypart currenttransform))}
{true}
{((xpart currenttransform,ypart currenttransform,xxpart currenttransform,xypart
 currenttransform,yxpart currenttransform,yypart currenttransform))=((0,0,1,0,0
,1))}
## yypart currenttransform=1
## yxpart currenttransform=0
## xypart currenttransform=0
## xxpart currenttransform=1
## ypart currenttransform=0
## xpart currenttransform=0
{fi}

clearit->currentpicture:=nullpicture
{nullpicture}
{currentpicture:=picture}

pickup<secondary>->if.numeric(EXPR0):numeric_pickup_.else:pen_pickup_.fi(EXPR0)
{pencircle}
{(0.4)*(49.80244)}
{(19.92067)+(0)}
{(pen)scaled(19.92067)}
(EXPR0)<-pen
{if}
{numeric(pen)}
{false}

pen_pickup_<primary>->currentpen:=(EXPR0);pen_lft:=xpart.penoffset.down.of.curr
entpen;pen_rt:=xpart.penoffset.up.of.currentpen;pen_top:=ypart.penoffset.left.o
f.currentpen;pen_bot:=ypart.penoffset.right.of.currentpen;path.currentpen_path;
{fi}
(EXPR0)<-pen
{currentpen:=pen}
{((0,-1))penoffset(pen)}
{xpart((-9.96034,0))}
{pen_lft:=-9.96034}
{((0,1))penoffset(pen)}
{xpart((9.96034,0))}
{pen_rt:=9.96034}
{((-1,0))penoffset(pen)}
{ypart((0,9.96034))}
{pen_top:=9.96034}
{((1,0))penoffset(pen)}
{ypart((0,-9.96034))}
{pen_bot:=-9.96034}
{path}
{PROP_WIDTH:=5.5}
## PROP_WIDTH=5.5
{SERIF_C:=0}
## SERIF_C=0
{if}
{true}
{(false)=(true)}
{false}
{if}
{true}
{(false)=(true)}
{false}
{(5.5)*(1)}
{WIDTH:=5.5}
## WIDTH=5.5
{fi}
{fi}

define_pixels(TEXT0)->forsuffixes$=(TEXT0):$:=$ #*pt;endfor
(TEXT0)<-SERIF_LENGTH
{forsuffixes}
{loop value=SERIF_LENGTH}
{(0.7)*(49.80244)}
{SERIF_LENGTH:=34.86156}
### -SERIF_LENGTH=-SERIFL
## SERIF_LENGTH=34.86156
{[repeat the loop]}

define_pixels(TEXT0)->forsuffixes$=(TEXT0):$:=$ #*pt;endfor
(TEXT0)<-TERM_LENGTH
{forsuffixes}
{loop value=TERM_LENGTH}
{(1)*(49.80244)}
{TERM_LENGTH:=49.80244}
## TERM_LENGTH=49.80244
{[repeat the loop]}

beginchar(EXPR0)(EXPR1)(EXPR2)(EXPR3)->begingroup.charcode:=if.known(EXPR0):byt
e(EXPR0)else:0fi;charwd:=(EXPR1);charht:=(EXPR2);chardp:=(EXPR3);w:=charwd*pt;h
:=charht*pt;d:=chardp*pt;charic:=0;clearxy;clearit;clearpen;scantokens.extra_be
ginchar;
(EXPR0)<-50
(EXPR1)<-5.5
(EXPR2)<-8
(EXPR3)<-2.24
{begingroup}
{if}
{known(50)}
{true}

byte<primary>->begingroup.if.string(EXPR2):ASCII.fi(EXPR2)endgroup
(SUFFIX0)<-
(SUFFIX1)<-byte
{else}
(EXPR2)<-50
{begingroup}
{if}
{string(50)}
{false}
{endgroup}
{charcode:=50}
{charwd:=5.5}
{charht:=8}
{chardp:=2.24}
{(5.5)*(49.80244)}
{w:=273.91345}
## w=273.91345
{(8)*(49.80244)}
{h:=398.41956}
## h=398.41956
{(2.24)*(49.80244)}
{d:=111.55775}
## d=111.55775
{charic:=0}

clearxy->save.x,y
{save}

clearit->currentpicture:=nullpicture
{nullpicture}
{currentpicture:=picture}

clearpen->currentpen:=nullpen;pen_lft:=pen_rt:=pen_top:=pen_bot:=0;path.current
pen_path;
{nullpen}
{currentpen:=pen}
{pen_bot:=0}
{pen_top:=0}
{pen_rt:=0}
{pen_lft:=0}
{path}
{scantokens}

z@#->begingroup(x(SUFFIX2),y(SUFFIX2))endgroup
(SUFFIX0)<-
(SUFFIX1)<-z
(SUFFIX2)<-1
{begingroup}
{endgroup}
{(0.14)*(273.91345)}
{(348.61711)*(0.17)}
{(348.61711)-(59.26427)}
{((x1,y1))=((38.34772,289.35284))}
## y1=289.35284
## x1=38.34772

z@#->begingroup(x(SUFFIX2),y(SUFFIX2))endgroup
(SUFFIX0)<-
(SUFFIX1)<-z
(SUFFIX2)<-2r
{begingroup}
{endgroup}
{(0.455)*(273.91345)}
{((x2r,y2r))=((124.63112,352.6014))}
## y2r=352.6014
## x2r=124.63112

z@#->begingroup(x(SUFFIX2),y(SUFFIX2))endgroup
(SUFFIX0)<-
(SUFFIX1)<-z
(SUFFIX2)<-3r
{begingroup}
{endgroup}
{(273.91345)-(39.8421)}
{(0.72)*(348.61711)}
{((x3r,y3r))=((234.07135,251.00475))}
## y3r=251.00475
## x3r=234.07135

z@#->begingroup(x(SUFFIX2),y(SUFFIX2))endgroup
(SUFFIX0)<-
(SUFFIX1)<-z
(SUFFIX2)<-4
{begingroup}
{endgroup}
{(0.61)*(273.91345)}
{(0.43)*(348.61711)}
{((x4,y4))=((167.08737,149.9028))}
## y4=149.9028
## x4=167.08737

z@#->begingroup(x(SUFFIX2),y(SUFFIX2))endgroup
(SUFFIX0)<-
(SUFFIX1)<-z
(SUFFIX2)<-5l
{begingroup}
{endgroup}
{((x5l,y5l))=((x1r,y6r))}
## y6r=y5l
## x1r=x5l

z@#->begingroup(x(SUFFIX2),y(SUFFIX2))endgroup
(SUFFIX0)<-
(SUFFIX1)<-z
(SUFFIX2)<-6l
{begingroup}
{endgroup}
{((x6l,y6l))=((x5l,0))}
## y6l=0
## x6l=x5l

z@#->begingroup(x(SUFFIX2),y(SUFFIX2))endgroup
(SUFFIX0)<-
(SUFFIX1)<-z
(SUFFIX2)<-7l
{begingroup}
{endgroup}
{((x7l,y7l))=((234.07135,0))}
## y7l=0
## x7l=234.07135

penpos@#(EXPR3)(EXPR4)->begingroup(x(SUFFIX2)r-x(SUFFIX2)l,y(SUFFIX2)r-y(SUFFIX
2)l)=((EXPR3),0)rotated(EXPR4);x(SUFFIX2)=0.5(x(SUFFIX2)l+x(SUFFIX2)r);y(SUFFIX
2)=0.5(y(SUFFIX2)l+y(SUFFIX2)r)endgroup
(SUFFIX0)<-
(SUFFIX1)<-penpos
(SUFFIX2)<-1
(EXPR3)<-25.49893
{(90)+(45)}
(EXPR4)<-135
{begingroup}
{(x5l)-(x1l)}
{(y1r)-(y1l)}
{((25.49893,0))rotated(135)}
{((linearform,linearform))=((-18.03049,18.03049))}
## y1l=y1r-18.03049
## x1l=x5l+18.03049
{(x5l+18.03049)+(x5l)}
{(0.5)*(2x5l+18.03049)}
{(38.34772)=(x5l+9.01524)}
## x5l=29.33247
#### %CAPSULE0x5591a2223aa0=38.34772
#### x1l=47.36296
#### x6l=29.33247
#### x1r=29.33247
{(y1r-18.03049)+(y1r)}
{(0.5)*(2y1r-18.03049)}
{(289.35284)=(y1r-9.01524)}
## y1r=298.36809
#### %CAPSULE0x5591a22232a0=289.35284
#### y1l=280.3376
{endgroup}

penpos@#(EXPR3)(EXPR4)->begingroup(x(SUFFIX2)r-x(SUFFIX2)l,y(SUFFIX2)r-y(SUFFIX
2)l)=((EXPR3),0)rotated(EXPR4);x(SUFFIX2)=0.5(x(SUFFIX2)l+x(SUFFIX2)r);y(SUFFIX
2)=0.5(y(SUFFIX2)l+y(SUFFIX2)r)endgroup
(SUFFIX0)<-
(SUFFIX1)<-penpos
(SUFFIX2)<-2
(EXPR3)<-31.87354
(EXPR4)<-90
{begingroup}
{(124.63112)-(x2l)}
{(352.6014)-(y2l)}
{((31.87354,0))rotated(90)}
{((-x2l+124.63112,-y2l+352.6014))=((0,31.87354))}
## y2l=320.72786
## x2l=124.63112
{(124.63112)+(124.63112)}
{(0.5)*(249.26224)}
{(x2)=(124.63112)}
## x2=124.63112
{(320.72786)+(352.6014)}
{(0.5)*(673.32925)}
{(y2)=(336.66463)}
## y2=336.66463
{endgroup}

penpos@#(EXPR3)(EXPR4)->begingroup(x(SUFFIX2)r-x(SUFFIX2)l,y(SUFFIX2)r-y(SUFFIX
2)l)=((EXPR3),0)rotated(EXPR4);x(SUFFIX2)=0.5(x(SUFFIX2)l+x(SUFFIX2)r);y(SUFFIX
2)=0.5(y(SUFFIX2)l+y(SUFFIX2)r)endgroup
(SUFFIX0)<-
(SUFFIX1)<-penpos
(SUFFIX2)<-3
(EXPR3)<-39.8421
(EXPR4)<-0
{begingroup}
{(234.07135)-(x3l)}
{(251.00475)-(y3l)}
{((39.8421,0))rotated(0)}
{((-x3l+234.07135,-y3l+251.00475))=((39.8421,0))}
## y3l=251.00475
## x3l=194.22925
{(194.22925)+(234.07135)}
{(0.5)*(428.3006)}
{(x3)=(214.1503)}
## x3=214.1503
{(251.00475)+(251.00475)}
{(0.5)*(502.00949)}
{(y3)=(251.00475)}
## y3=251.00475
{endgroup}

penpos@#(EXPR3)(EXPR4)->begingroup(x(SUFFIX2)r-x(SUFFIX2)l,y(SUFFIX2)r-y(SUFFIX
2)l)=((EXPR3),0)rotated(EXPR4);x(SUFFIX2)=0.5(x(SUFFIX2)l+x(SUFFIX2)r);y(SUFFIX
2)=0.5(y(SUFFIX2)l+y(SUFFIX2)r)endgroup
(SUFFIX0)<-
(SUFFIX1)<-penpos
(SUFFIX2)<-4
(EXPR3)<-31.87354
{-(45)}
(EXPR4)<--45
{begingroup}
{(x4r)-(x4l)}
{(y4r)-(y4l)}
{((31.87354,0))rotated(-45)}
{((linearform,linearform))=((22.53801,-22.53801))}
## y4l=y4r+22.53801
## x4l=x4r-22.53801
{(x4r-22.53801)+(x4r)}
{(0.5)*(2x4r-22.53801)}
{(167.08737)=(x4r-11.26901)}
## x4r=178.35638
#### %CAPSULE0x5591a2222eb0=167.08737
#### x4l=155.81837
{(y4r+22.53801)+(y4r)}
{(0.5)*(2y4r+22.53801)}
{(149.9028)=(y4r+11.26901)}
## y4r=138.63379
#### %CAPSULE0x5591a22245e0=149.9028
#### y4l=161.1718
{endgroup}

penpos@#(EXPR3)(EXPR4)->begingroup(x(SUFFIX2)r-x(SUFFIX2)l,y(SUFFIX2)r-y(SUFFIX
2)l)=((EXPR3),0)rotated(EXPR4);x(SUFFIX2)=0.5(x(SUFFIX2)l+x(SUFFIX2)r);y(SUFFIX
2)=0.5(y(SUFFIX2)l+y(SUFFIX2)r)endgroup
(SUFFIX0)<-
(SUFFIX1)<-penpos
(SUFFIX2)<-5
(EXPR3)<-31.87354
{-(45)}
(EXPR4)<--45
{begingroup}
{(x5r)-(29.33247)}
{(y5r)-(y5l)}
{((31.87354,0))rotated(-45)}
{((x5r-29.33247,linearform))=((22.53801,-22.53801))}
## y5r=y5l-22.53801
## x5r=51.87048
{(29.33247)+(51.87048)}
{(0.5)*(81.20296)}
{(x5)=(40.60149)}
## x5=40.60149
{(y5l)+(y5l-22.53801)}
{(0.5)*(2y5l-22.53801)}
{(y5)=(y5l-11.26901)}
## y5=y5l-11.26901
{endgroup}

penpos@#(EXPR3)(EXPR4)->begingroup(x(SUFFIX2)r-x(SUFFIX2)l,y(SUFFIX2)r-y(SUFFIX
2)l)=((EXPR3),0)rotated(EXPR4);x(SUFFIX2)=0.5(x(SUFFIX2)l+x(SUFFIX2)r);y(SUFFIX
2)=0.5(y(SUFFIX2)l+y(SUFFIX2)r)endgroup
(SUFFIX0)<-
(SUFFIX1)<-penpos
(SUFFIX2)<-6
(EXPR3)<-39.8421
(EXPR4)<-90
{begingroup}
{(x6r)-(29.33247)}
{(y5l)-(0)}
{((39.8421,0))rotated(90)}
{((x6r-29.33247,y5l))=((0,39.8421))}
## y5l=39.8421
#### y5=28.57309
#### y5r=17.3041
#### y6r=39.8421
## x6r=29.33247
{(29.33247)+(29.33247)}
{(0.5)*(58.66495)}
{(x6)=(29.33247)}
## x6=29.33247
{(0)+(39.8421)}
{(0.5)*(39.8421)}
{(y6)=(19.92105)}
## y6=19.92105
{endgroup}

penpos@#(EXPR3)(EXPR4)->begingroup(x(SUFFIX2)r-x(SUFFIX2)l,y(SUFFIX2)r-y(SUFFIX
2)l)=((EXPR3),0)rotated(EXPR4);x(SUFFIX2)=0.5(x(SUFFIX2)l+x(SUFFIX2)r);y(SUFFIX
2)=0.5(y(SUFFIX2)l+y(SUFFIX2)r)endgroup
(SUFFIX0)<-
(SUFFIX1)<-penpos
(SUFFIX2)<-7
(EXPR3)<-39.8421
(EXPR4)<-90
{begingroup}
{(x7r)-(234.07135)}
{(y7r)-(0)}
{((39.8421,0))rotated(90)}
{((x7r-234.07135,y7r))=((0,39.8421))}
## y7r=39.8421
## x7r=234.07135
{(234.07135)+(234.07135)}
{(0.5)*(468.1427)}
{(x7)=(234.07135)}
## x7=234.07135
{(0)+(39.8421)}
{(0.5)*(39.8421)}
{(y7)=(19.92105)}
## y7=19.92105
{endgroup}

fill<expr>->addto.currentpicture.contour(EXPR0)t_.pc_

z@#->begingroup(x(SUFFIX2),y(SUFFIX2))endgroup
(SUFFIX0)<-
(SUFFIX1)<-z
(SUFFIX2)<-1r
{begingroup}
{endgroup}

daa->dir.APERTURE_ANGLE

dir<primary>->begingroup.right.rotated(EXPR2)endgroup
(SUFFIX0)<-
(SUFFIX1)<-dir
(EXPR2)<-45
{begingroup}
{((1,0))rotated(45)}
{endgroup}

tsn->tension.TSN

z@#->begingroup(x(SUFFIX2),y(SUFFIX2))endgroup
(SUFFIX0)<-
(SUFFIX1)<-z
(SUFFIX2)<-2r
{begingroup}
{endgroup}

rt->right

tsn->tension.TSN

z@#->begingroup(x(SUFFIX2),y(SUFFIX2))endgroup
(SUFFIX0)<-
(SUFFIX1)<-z
(SUFFIX2)<-3r
{begingroup}
{endgroup}

dn->down

---->..tension.infinity..

z@#->begingroup(x(SUFFIX2),y(SUFFIX2))endgroup
(SUFFIX0)<-
(SUFFIX1)<-z
(SUFFIX2)<-4r
{begingroup}
{endgroup}

--->{curl1}..{curl1}

z@#->begingroup(x(SUFFIX2),y(SUFFIX2))endgroup
(SUFFIX0)<-
(SUFFIX1)<-z
(SUFFIX2)<-5r
{begingroup}
{endgroup}

---->..tension.infinity..

z@#->begingroup(x(SUFFIX2),y(SUFFIX2))endgroup
(SUFFIX0)<-
(SUFFIX1)<-z
(SUFFIX2)<-5l
{begingroup}
{endgroup}

z@#->begingroup(x(SUFFIX2),y(SUFFIX2))endgroup
(SUFFIX0)<-
(SUFFIX1)<-z
(SUFFIX2)<-4l
{begingroup}
{endgroup}

z@#->begingroup(x(SUFFIX2),y(SUFFIX2))endgroup
(SUFFIX0)<-
(SUFFIX1)<-z
(SUFFIX2)<-3l
{begingroup}
{endgroup}

tsn->tension.TSN

z@#->begingroup(x(SUFFIX2),y(SUFFIX2))endgroup
(SUFFIX0)<-
(SUFFIX1)<-z
(SUFFIX2)<-2l
{begingroup}
{endgroup}

lt->left

tsn->tension.TSN

dia->dir.INV_APERTURE_ANGLE

dir<primary>->begingroup.right.rotated(EXPR2)endgroup
(SUFFIX0)<-
(SUFFIX1)<-dir
(EXPR2)<-225
{begingroup}
{((1,0))rotated(225)}
{endgroup}

--->{curl1}..{curl1}

z@#->begingroup(x(SUFFIX2),y(SUFFIX2))endgroup
(SUFFIX0)<-
(SUFFIX1)<-z
(SUFFIX2)<-1l
{begingroup}
{endgroup}
Path at line 22, before choices:
(29.33247,298.36809){2896.30943,2896.30934}..tension 0.9
 ..{4096,0}(124.63112,352.6014){4096,0}..tension 0.9
 ..{0,-4096}(234.07135,251.00475){0,-4096}
 ..(178.35638,138.63379)..tension 4095.99998
 ..{curl 1}(51.87048,17.3041){curl 1}
 ..{curl 1}(29.33247,39.8421){curl 1}..tension 4095.99998
 ..(155.81837,161.1718)
 ..{0,4096}(194.22925,251.00475){0,4096}..tension 0.9
 ..{-4096,0}(124.63112,320.72786){-4096,0}..tension 0.9
 ..{-2896.30943,-2896.30934}(47.36296,280.3376){curl 1}
 ..{curl 1}cycle

Path at line 22, after choices:
(29.33247,298.36809)..controls (59.3465,328.38211) and (82.32594,352.6014)
 ..(124.63112,352.6014)..controls (190.2623,352.6014) and (234.07135,314.99768)
 ..(234.07135,251.00475)..controls (234.07135,207.47879) and (209.85657,168.849
85)
 ..(178.35638,138.63379)..controls (178.34608,138.62392) and (51.88078,17.31396
)
 ..(51.87048,17.3041)..controls (44.35782,24.81676) and (36.84514,32.32944)
 ..(29.33247,39.8421)..controls (29.34277,39.85197) and (155.80807,161.16193)
 ..(155.81837,161.1718)..controls (180.30243,184.65776) and (194.22925,217.0792
2)
 ..(194.22925,251.00475)..controls (194.22925,293.76538) and (167.36555,320.727
86)
 ..(124.63112,320.72786)..controls (91.05138,320.72786) and (71.18327,304.15791
)
 ..(47.36296,280.3376)..controls (41.3528,286.34776) and (35.34264,292.35793)
 ..cycle

(EXPR0)<-path
{addto}

t_->transformed.currenttransform

pc_->hide(if.proofing>0:def.pc_=do_pc_.enddef;else:def.pc_=enddef;fi)pc_

hide(TEXT0)->exitif.numeric.begingroup(TEXT0);endgroup;
(TEXT0)<-if.proofing>0:def.pc_=do_pc_.enddef;else:def.pc_=enddef;fi
{exitif}
{begingroup}
{if}
{(2)>(0)}
{true}
{def}
{else}
{endgroup}
{numeric(vacuous)}
{false}

pc_->do_pc_

do_pc_->withcolor.proofcolor
{(path)transformed((0,0,1,0,0,1))}

fill<expr>->addto.currentpicture.contour(EXPR0)t_.pc_

--->{curl1}..{curl1}

z@#->begingroup(x(SUFFIX2),y(SUFFIX2))endgroup
(SUFFIX0)<-
(SUFFIX1)<-z
(SUFFIX2)<-6l
{begingroup}
{endgroup}

--->{curl1}..{curl1}

z@#->begingroup(x(SUFFIX2),y(SUFFIX2))endgroup
(SUFFIX0)<-
(SUFFIX1)<-z
(SUFFIX2)<-7l
{begingroup}
{endgroup}

--->{curl1}..{curl1}

z@#->begingroup(x(SUFFIX2),y(SUFFIX2))endgroup
(SUFFIX0)<-
(SUFFIX1)<-z
(SUFFIX2)<-7r
{begingroup}
{endgroup}

--->{curl1}..{curl1}

z@#->begingroup(x(SUFFIX2),y(SUFFIX2))endgroup
(SUFFIX0)<-
(SUFFIX1)<-z
(SUFFIX2)<-6r
{begingroup}
{endgroup}
Path at line 24, before choices:
(29.33247,0){curl 1}
 ..{curl 1}(234.07135,0){curl 1}
 ..{curl 1}(234.07135,39.8421){curl 1}
 ..{curl 1}(29.33247,39.8421){curl 1}
 ..{curl 1}cycle

Path at line 24, after choices:
(29.33247,0)..controls (97.57877,0) and (165.82506,0)
 ..(234.07135,0)..controls (234.07135,13.2807) and (234.07135,26.5614)
 ..(234.07135,39.8421)..controls (165.82506,39.8421) and (97.57877,39.8421)
 ..(29.33247,39.8421)..controls (29.33247,26.5614) and (29.33247,13.2807)
 ..cycle

(EXPR0)<-path
{addto}

t_->transformed.currenttransform

pc_->do_pc_

do_pc_->withcolor.proofcolor
{(path)transformed((0,0,1,0,0,1))}

penlabels@#(TEXT3)->begingroup.if.proofing>1:forsuffixes$$=l,,r:forsuffixes$=(T
EXT3):makelabel(SUFFIX2)(str$ $$,z$ $$);endfor.endfor.fi.endgroup
(SUFFIX0)<-
(SUFFIX1)<-penlabels
(SUFFIX2)<-
(TEXT3)<-range1thru7
{begingroup}
{if}
{(2)>(1)}
{true}
{forsuffixes}
{loop value=l}
{forsuffixes}

range<expr>->numtok[(EXPR0)]

thru->(EXPR0)for.x=(EXPR0)+1step1until(EXPR1):,numtok[x]endfor
(EXPR0)<-1
(EXPR1)<-7
{for}
{(1)+(1)}
{loop value=2}
(EXPR0)<-1

numtok<suffix>->(SUFFIX0)
(SUFFIX0)<-1

numtok<suffix>->(SUFFIX0)
{[repeat the loop]}
{loop value=3}
(SUFFIX0)<-2

numtok<suffix>->(SUFFIX0)
{[repeat the loop]}
{loop value=4}
(SUFFIX0)<-3

numtok<suffix>->(SUFFIX0)
{[repeat the loop]}
{loop value=5}
(SUFFIX0)<-4

numtok<suffix>->(SUFFIX0)
{[repeat the loop]}
{loop value=6}
(SUFFIX0)<-5

numtok<suffix>->(SUFFIX0)
{[repeat the loop]}
{loop value=7}
(SUFFIX0)<-6

numtok<suffix>->(SUFFIX0)
{[repeat the loop]}
(SUFFIX0)<-7
{loop value=1}

makelabel@#(EXPR3)(EXPR4)->begingroup.save.p;picture.p;if.known(EXPR4):p=(EXPR3
)infont.defaultfont.scaled(defaultscale/bp_per_pixel);draw.p.shifted((EXPR4)t_+
labeloffset/bp_per_pixel*laboff(SUFFIX2)-(labxf(SUFFIX2)*lrcorner.p+labyf(SUFFI
X2)*ulcorner.p+(1-labxf(SUFFIX2)-labyf(SUFFIX2))*llcorner.p))withcolor.black;in
terim.linecap:=rounded;draw(EXPR4)withpen.pencircle.scaled(3/bp_per_pixel)withc
olor.black;fi.endgroup
(SUFFIX0)<-
(SUFFIX1)<-makelabel
(SUFFIX2)<-
(EXPR3)<-"1l"

z@#->begingroup(x(SUFFIX2),y(SUFFIX2))endgroup
(SUFFIX0)<-
(SUFFIX1)<-z
(SUFFIX2)<-1l
{begingroup}
{endgroup}
(EXPR4)<-(47.36296,280.3376)
{begingroup}
{save}
{picture}
{if}
{known((47.36296,280.3376))}
{true}
{("1l")infont("cmr10")}
{(1)/(0.72015)}
{(picture)scaled(1.3886)}
{(unknown picture p)=(picture)}

draw<expr>->addto.currentpicture.if.picture(EXPR0):also(EXPR0)else:doublepath(E
XPR0)t_.withpen.currentpen.fi.pc_

t_->transformed.currenttransform
{((47.36296,280.3376))transformed((0,0,1,0,0,1))}
{(3)/(0.72015)}
{(4.16577)*((0,1))}
{((47.36296,280.3376))+((0,4.16577))}
{lrcorner(picture)}
{(0.5)*((10.75987,0))}
{ulcorner(picture)}
{(0)*((0,9.60701))}
{((5.37994,0))+((0,0))}
{(1)-(0.5)}
{(0.5)-(0)}
{llcorner(picture)}
{(0.5)*((0,0))}
{((5.37994,0))+((0,0))}
{((47.36296,284.50337))-((5.37994,0))}
{(picture)shifted((41.98302,284.50337))}
(EXPR0)<-picture
{addto}
{if}
{picture(picture)}
{true}
{else}

pc_->do_pc_

do_pc_->withcolor.proofcolor
{interim}
{linecap:=1}

draw<expr>->addto.currentpicture.if.picture(EXPR0):also(EXPR0)else:doublepath(E
XPR0)t_.withpen.currentpen.fi.pc_
(EXPR0)<-(47.36296,280.3376)
{addto}
{if}
{picture((47.36296,280.3376))}
{false}

t_->transformed.currenttransform
{((47.36296,280.3376))transformed((0,0,1,0,0,1))}
{fi}

pc_->do_pc_

do_pc_->withcolor.proofcolor
{pencircle}
{(3)/(0.72015)}
{(pen)scaled(4.16577)}
{fi}
{restoring linecap=1}
{restoring p}
{endgroup}
{[repeat the loop]}
{loop value=2}

makelabel@#(EXPR3)(EXPR4)->begingroup.save.p;picture.p;if.known(EXPR4):p=(EXPR3
)infont.defaultfont.scaled(defaultscale/bp_per_pixel);draw.p.shifted((EXPR4)t_+
labeloffset/bp_per_pixel*laboff(SUFFIX2)-(labxf(SUFFIX2)*lrcorner.p+labyf(SUFFI
X2)*ulcorner.p+(1-labxf(SUFFIX2)-labyf(SUFFIX2))*llcorner.p))withcolor.black;in
terim.linecap:=rounded;draw(EXPR4)withpen.pencircle.scaled(3/bp_per_pixel)withc
olor.black;fi.endgroup
(SUFFIX0)<-
(SUFFIX1)<-makelabel
(SUFFIX2)<-
(EXPR3)<-"2l"

z@#->begingroup(x(SUFFIX2),y(SUFFIX2))endgroup
(SUFFIX0)<-
(SUFFIX1)<-z
(SUFFIX2)<-2l
{begingroup}
{endgroup}
(EXPR4)<-(124.63112,320.72786)
{begingroup}
{save}
{picture}
{if}
{known((124.63112,320.72786))}
{true}
{("2l")infont("cmr10")}
{(1)/(0.72015)}
{(picture)scaled(1.3886)}
{(unknown picture p)=(picture)}

draw<expr>->addto.currentpicture.if.picture(EXPR0):also(EXPR0)else:doublepath(E
XPR0)t_.withpen.currentpen.fi.pc_

t_->transformed.currenttransform
{((124.63112,320.72786))transformed((0,0,1,0,0,1))}
{(3)/(0.72015)}
{(4.16577)*((0,1))}
{((124.63112,320.72786))+((0,4.16577))}
{lrcorner(picture)}
{(0.5)*((10.75987,0))}
{ulcorner(picture)}
{(0)*((0,9.60701))}
{((5.37994,0))+((0,0))}
{(1)-(0.5)}
{(0.5)-(0)}
{llcorner(picture)}
{(0.5)*((0,0))}
{((5.37994,0))+((0,0))}
{((124.63112,324.89363))-((5.37994,0))}
{(picture)shifted((119.25117,324.89363))}
(EXPR0)<-picture
{addto}
{if}
{picture(picture)}
{true}
{else}

pc_->do_pc_

do_pc_->withcolor.proofcolor
{interim}
{linecap:=1}

draw<expr>->addto.currentpicture.if.picture(EXPR0):also(EXPR0)else:doublepath(E
XPR0)t_.withpen.currentpen.fi.pc_
(EXPR0)<-(124.63112,320.72786)
{addto}
{if}
{picture((124.63112,320.72786))}
{false}

t_->transformed.currenttransform
{((124.63112,320.72786))transformed((0,0,1,0,0,1))}
{fi}

pc_->do_pc_

do_pc_->withcolor.proofcolor
{pencircle}
{(3)/(0.72015)}
{(pen)scaled(4.16577)}
{fi}
{restoring linecap=1}
{restoring p}
{endgroup}
{[repeat the loop]}
{loop value=3}

makelabel@#(EXPR3)(EXPR4)->begingroup.save.p;picture.p;if.known(EXPR4):p=(EXPR3
)infont.defaultfont.scaled(defaultscale/bp_per_pixel);draw.p.shifted((EXPR4)t_+
labeloffset/bp_per_pixel*laboff(SUFFIX2)-(labxf(SUFFIX2)*lrcorner.p+labyf(SUFFI
X2)*ulcorner.p+(1-labxf(SUFFIX2)-labyf(SUFFIX2))*llcorner.p))withcolor.black;in
terim.linecap:=rounded;draw(EXPR4)withpen.pencircle.scaled(3/bp_per_pixel)withc
olor.black;fi.endgroup
(SUFFIX0)<-
(SUFFIX1)<-makelabel
(SUFFIX2)<-
(EXPR3)<-"3l"

z@#->begingroup(x(SUFFIX2),y(SUFFIX2))endgroup
(SUFFIX0)<-
(SUFFIX1)<-z
(SUFFIX2)<-3l
{begingroup}
{endgroup}
(EXPR4)<-(194.22925,251.00475)
{begingroup}
{save}
{picture}
{if}
{known((194.22925,251.00475))}
{true}
{("3l")infont("cmr10")}
{(1)/(0.72015)}
{(picture)scaled(1.3886)}
{(unknown picture p)=(picture)}

draw<expr>->addto.currentpicture.if.picture(EXPR0):also(EXPR0)else:doublepath(E
XPR0)t_.withpen.currentpen.fi.pc_

t_->transformed.currenttransform
{((194.22925,251.00475))transformed((0,0,1,0,0,1))}
{(3)/(0.72015)}
{(4.16577)*((0,1))}
{((194.22925,251.00475))+((0,4.16577))}
{lrcorner(picture)}
{(0.5)*((10.75987,0))}
{ulcorner(picture)}
{(0)*((0,9.60701))}
{((5.37994,0))+((0,0))}
{(1)-(0.5)}
{(0.5)-(0)}
{llcorner(picture)}
{(0.5)*((0,0))}
{((5.37994,0))+((0,0))}
{((194.22925,255.17052))-((5.37994,0))}
{(picture)shifted((188.8493,255.17052))}
(EXPR0)<-picture
{addto}
{if}
{picture(picture)}
{true}
{else}

pc_->do_pc_

do_pc_->withcolor.proofcolor
{interim}
{linecap:=1}

draw<expr>->addto.currentpicture.if.picture(EXPR0):also(EXPR0)else:doublepath(E
XPR0)t_.withpen.currentpen.fi.pc_
(EXPR0)<-(194.22925,251.00475)
{addto}
{if}
{picture((194.22925,251.00475))}
{false}

t_->transformed.currenttransform
{((194.22925,251.00475))transformed((0,0,1,0,0,1))}
{fi}

pc_->do_pc_

do_pc_->withcolor.proofcolor
{pencircle}
{(3)/(0.72015)}
{(pen)scaled(4.16577)}
{fi}
{restoring linecap=1}
{restoring p}
{endgroup}
{[repeat the loop]}
{loop value=4}

makelabel@#(EXPR3)(EXPR4)->begingroup.save.p;picture.p;if.known(EXPR4):p=(EXPR3
)infont.defaultfont.scaled(defaultscale/bp_per_pixel);draw.p.shifted((EXPR4)t_+
labeloffset/bp_per_pixel*laboff(SUFFIX2)-(labxf(SUFFIX2)*lrcorner.p+labyf(SUFFI
X2)*ulcorner.p+(1-labxf(SUFFIX2)-labyf(SUFFIX2))*llcorner.p))withcolor.black;in
terim.linecap:=rounded;draw(EXPR4)withpen.pencircle.scaled(3/bp_per_pixel)withc
olor.black;fi.endgroup
(SUFFIX0)<-
(SUFFIX1)<-makelabel
(SUFFIX2)<-
(EXPR3)<-"4l"

z@#->begingroup(x(SUFFIX2),y(SUFFIX2))endgroup
(SUFFIX0)<-
(SUFFIX1)<-z
(SUFFIX2)<-4l
{begingroup}
{endgroup}
(EXPR4)<-(155.81837,161.1718)
{begingroup}
{save}
{picture}
{if}
{known((155.81837,161.1718))}
{true}
{("4l")infont("cmr10")}
{(1)/(0.72015)}
{(picture)scaled(1.3886)}
{(unknown picture p)=(picture)}

draw<expr>->addto.currentpicture.if.picture(EXPR0):also(EXPR0)else:doublepath(E
XPR0)t_.withpen.currentpen.fi.pc_

t_->transformed.currenttransform
{((155.81837,161.1718))transformed((0,0,1,0,0,1))}
{(3)/(0.72015)}
{(4.16577)*((0,1))}
{((155.81837,161.1718))+((0,4.16577))}
{lrcorner(picture)}
{(0.5)*((10.75987,0))}
{ulcorner(picture)}
{(0)*((0,9.60701))}
{((5.37994,0))+((0,0))}
{(1)-(0.5)}
{(0.5)-(0)}
{llcorner(picture)}
{(0.5)*((0,0))}
{((5.37994,0))+((0,0))}
{((155.81837,165.33757))-((5.37994,0))}
{(picture)shifted((150.43843,165.33757))}
(EXPR0)<-picture
{addto}
{if}
{picture(picture)}
{true}
{else}

pc_->do_pc_

do_pc_->withcolor.proofcolor
{interim}
{linecap:=1}

draw<expr>->addto.currentpicture.if.picture(EXPR0):also(EXPR0)else:doublepath(E
XPR0)t_.withpen.currentpen.fi.pc_
(EXPR0)<-(155.81837,161.1718)
{addto}
{if}
{picture((155.81837,161.1718))}
{false}

t_->transformed.currenttransform
{((155.81837,161.1718))transformed((0,0,1,0,0,1))}
{fi}

pc_->do_pc_

do_pc_->withcolor.proofcolor
{pencircle}
{(3)/(0.72015)}
{(pen)scaled(4.16577)}
{fi}
{restoring linecap=1}
{restoring p}
{endgroup}
{[repeat the loop]}
{loop value=5}

makelabel@#(EXPR3)(EXPR4)->begingroup.save.p;picture.p;if.known(EXPR4):p=(EXPR3
)infont.defaultfont.scaled(defaultscale/bp_per_pixel);draw.p.shifted((EXPR4)t_+
labeloffset/bp_per_pixel*laboff(SUFFIX2)-(labxf(SUFFIX2)*lrcorner.p+labyf(SUFFI
X2)*ulcorner.p+(1-labxf(SUFFIX2)-labyf(SUFFIX2))*llcorner.p))withcolor.black;in
terim.linecap:=rounded;draw(EXPR4)withpen.pencircle.scaled(3/bp_per_pixel)withc
olor.black;fi.endgroup
(SUFFIX0)<-
(SUFFIX1)<-makelabel
(SUFFIX2)<-
(EXPR3)<-"5l"

z@#->begingroup(x(SUFFIX2),y(SUFFIX2))endgroup
(SUFFIX0)<-
(SUFFIX1)<-z
(SUFFIX2)<-5l
{begingroup}
{endgroup}
(EXPR4)<-(29.33247,39.8421)
{begingroup}
{save}
{picture}
{if}
{known((29.33247,39.8421))}
{true}
{("5l")infont("cmr10")}
{(1)/(0.72015)}
{(picture)scaled(1.3886)}
{(unknown picture p)=(picture)}

draw<expr>->addto.currentpicture.if.picture(EXPR0):also(EXPR0)else:doublepath(E
XPR0)t_.withpen.currentpen.fi.pc_

t_->transformed.currenttransform
{((29.33247,39.8421))transformed((0,0,1,0,0,1))}
{(3)/(0.72015)}
{(4.16577)*((0,1))}
{((29.33247,39.8421))+((0,4.16577))}
{lrcorner(picture)}
{(0.5)*((10.75987,0))}
{ulcorner(picture)}
{(0)*((0,9.60701))}
{((5.37994,0))+((0,0))}
{(1)-(0.5)}
{(0.5)-(0)}
{llcorner(picture)}
{(0.5)*((0,0))}
{((5.37994,0))+((0,0))}
{((29.33247,44.00787))-((5.37994,0))}
{(picture)shifted((23.95253,44.00787))}
(EXPR0)<-picture
{addto}
{if}
{picture(picture)}
{true}
{else}

pc_->do_pc_

do_pc_->withcolor.proofcolor
{interim}
{linecap:=1}

draw<expr>->addto.currentpicture.if.picture(EXPR0):also(EXPR0)else:doublepath(E
XPR0)t_.withpen.currentpen.fi.pc_
(EXPR0)<-(29.33247,39.8421)
{addto}
{if}
{picture((29.33247,39.8421))}
{false}

t_->transformed.currenttransform
{((29.33247,39.8421))transformed((0,0,1,0,0,1))}
{fi}

pc_->do_pc_

do_pc_->withcolor.proofcolor
{pencircle}
{(3)/(0.72015)}
{(pen)scaled(4.16577)}
{fi}
{restoring linecap=1}
{restoring p}
{endgroup}
{[repeat the loop]}
{loop value=6}

makelabel@#(EXPR3)(EXPR4)->begingroup.save.p;picture.p;if.known(EXPR4):p=(EXPR3
)infont.defaultfont.scaled(defaultscale/bp_per_pixel);draw.p.shifted((EXPR4)t_+
labeloffset/bp_per_pixel*laboff(SUFFIX2)-(labxf(SUFFIX2)*lrcorner.p+labyf(SUFFI
X2)*ulcorner.p+(1-labxf(SUFFIX2)-labyf(SUFFIX2))*llcorner.p))withcolor.black;in
terim.linecap:=rounded;draw(EXPR4)withpen.pencircle.scaled(3/bp_per_pixel)withc
olor.black;fi.endgroup
(SUFFIX0)<-
(SUFFIX1)<-makelabel
(SUFFIX2)<-
(EXPR3)<-"6l"

z@#->begingroup(x(SUFFIX2),y(SUFFIX2))endgroup
(SUFFIX0)<-
(SUFFIX1)<-z
(SUFFIX2)<-6l
{begingroup}
{endgroup}
(EXPR4)<-(29.33247,0)
{begingroup}
{save}
{picture}
{if}
{known((29.33247,0))}
{true}
{("6l")infont("cmr10")}
{(1)/(0.72015)}
{(picture)scaled(1.3886)}
{(unknown picture p)=(picture)}

draw<expr>->addto.currentpicture.if.picture(EXPR0):also(EXPR0)else:doublepath(E
XPR0)t_.withpen.currentpen.fi.pc_

t_->transformed.currenttransform
{((29.33247,0))transformed((0,0,1,0,0,1))}
{(3)/(0.72015)}
{(4.16577)*((0,1))}
{((29.33247,0))+((0,4.16577))}
{lrcorner(picture)}
{(0.5)*((10.75987,0))}
{ulcorner(picture)}
{(0)*((0,9.60701))}
{((5.37994,0))+((0,0))}
{(1)-(0.5)}
{(0.5)-(0)}
{llcorner(picture)}
{(0.5)*((0,0))}
{((5.37994,0))+((0,0))}
{((29.33247,4.16577))-((5.37994,0))}
{(picture)shifted((23.95253,4.16577))}
(EXPR0)<-picture
{addto}
{if}
{picture(picture)}
{true}
{else}

pc_->do_pc_

do_pc_->withcolor.proofcolor
{interim}
{linecap:=1}

draw<expr>->addto.currentpicture.if.picture(EXPR0):also(EXPR0)else:doublepath(E
XPR0)t_.withpen.currentpen.fi.pc_
(EXPR0)<-(29.33247,0)
{addto}
{if}
{picture((29.33247,0))}
{false}

t_->transformed.currenttransform
{((29.33247,0))transformed((0,0,1,0,0,1))}
{fi}

pc_->do_pc_

do_pc_->withcolor.proofcolor
{pencircle}
{(3)/(0.72015)}
{(pen)scaled(4.16577)}
{fi}
{restoring linecap=1}
{restoring p}
{endgroup}
{[repeat the loop]}
{loop value=7}

makelabel@#(EXPR3)(EXPR4)->begingroup.save.p;picture.p;if.known(EXPR4):p=(EXPR3
)infont.defaultfont.scaled(defaultscale/bp_per_pixel);draw.p.shifted((EXPR4)t_+
labeloffset/bp_per_pixel*laboff(SUFFIX2)-(labxf(SUFFIX2)*lrcorner.p+labyf(SUFFI
X2)*ulcorner.p+(1-labxf(SUFFIX2)-labyf(SUFFIX2))*llcorner.p))withcolor.black;in
terim.linecap:=rounded;draw(EXPR4)withpen.pencircle.scaled(3/bp_per_pixel)withc
olor.black;fi.endgroup
(SUFFIX0)<-
(SUFFIX1)<-makelabel
(SUFFIX2)<-
(EXPR3)<-"7l"

z@#->begingroup(x(SUFFIX2),y(SUFFIX2))endgroup
(SUFFIX0)<-
(SUFFIX1)<-z
(SUFFIX2)<-7l
{begingroup}
{endgroup}
(EXPR4)<-(234.07135,0)
{begingroup}
{save}
{picture}
{if}
{known((234.07135,0))}
{true}
{("7l")infont("cmr10")}
{(1)/(0.72015)}
{(picture)scaled(1.3886)}
{(unknown picture p)=(picture)}

draw<expr>->addto.currentpicture.if.picture(EXPR0):also(EXPR0)else:doublepath(E
XPR0)t_.withpen.currentpen.fi.pc_

t_->transformed.currenttransform
{((234.07135,0))transformed((0,0,1,0,0,1))}
{(3)/(0.72015)}
{(4.16577)*((0,1))}
{((234.07135,0))+((0,4.16577))}
{lrcorner(picture)}
{(0.5)*((10.75987,0))}
{ulcorner(picture)}
{(0)*((0,9.60701))}
{((5.37994,0))+((0,0))}
{(1)-(0.5)}
{(0.5)-(0)}
{llcorner(picture)}
{(0.5)*((0,0))}
{((5.37994,0))+((0,0))}
{((234.07135,4.16577))-((5.37994,0))}
{(picture)shifted((228.6914,4.16577))}
(EXPR0)<-picture
{addto}
{if}
{picture(picture)}
{true}
{else}

pc_->do_pc_

do_pc_->withcolor.proofcolor
{interim}
{linecap:=1}

draw<expr>->addto.currentpicture.if.picture(EXPR0):also(EXPR0)else:doublepath(E
XPR0)t_.withpen.currentpen.fi.pc_
(EXPR0)<-(234.07135,0)
{addto}
{if}
{picture((234.07135,0))}
{false}

t_->transformed.currenttransform
{((234.07135,0))transformed((0,0,1,0,0,1))}
{fi}

pc_->do_pc_

do_pc_->withcolor.proofcolor
{pencircle}
{(3)/(0.72015)}
{(pen)scaled(4.16577)}
{fi}
{restoring linecap=1}
{restoring p}
{endgroup}
{[repeat the loop]}
{[repeat the loop]}
{loop value=}
{forsuffixes}

range<expr>->numtok[(EXPR0)]

thru->(EXPR0)for.x=(EXPR0)+1step1until(EXPR1):,numtok[x]endfor
(EXPR0)<-1
(EXPR1)<-7
{for}
{(1)+(1)}
{loop value=2}
(EXPR0)<-1

numtok<suffix>->(SUFFIX0)
(SUFFIX0)<-1

numtok<suffix>->(SUFFIX0)
{[repeat the loop]}
{loop value=3}
(SUFFIX0)<-2

numtok<suffix>->(SUFFIX0)
{[repeat the loop]}
{loop value=4}
(SUFFIX0)<-3

numtok<suffix>->(SUFFIX0)
{[repeat the loop]}
{loop value=5}
(SUFFIX0)<-4

numtok<suffix>->(SUFFIX0)
{[repeat the loop]}
{loop value=6}
(SUFFIX0)<-5

numtok<suffix>->(SUFFIX0)
{[repeat the loop]}
{loop value=7}
(SUFFIX0)<-6

numtok<suffix>->(SUFFIX0)
{[repeat the loop]}
(SUFFIX0)<-7
{loop value=1}

makelabel@#(EXPR3)(EXPR4)->begingroup.save.p;picture.p;if.known(EXPR4):p=(EXPR3
)infont.defaultfont.scaled(defaultscale/bp_per_pixel);draw.p.shifted((EXPR4)t_+
labeloffset/bp_per_pixel*laboff(SUFFIX2)-(labxf(SUFFIX2)*lrcorner.p+labyf(SUFFI
X2)*ulcorner.p+(1-labxf(SUFFIX2)-labyf(SUFFIX2))*llcorner.p))withcolor.black;in
terim.linecap:=rounded;draw(EXPR4)withpen.pencircle.scaled(3/bp_per_pixel)withc
olor.black;fi.endgroup
(SUFFIX0)<-
(SUFFIX1)<-makelabel
(SUFFIX2)<-
(EXPR3)<-"1"

z@#->begingroup(x(SUFFIX2),y(SUFFIX2))endgroup
(SUFFIX0)<-
(SUFFIX1)<-z
(SUFFIX2)<-1
{begingroup}
{endgroup}
(EXPR4)<-(38.34772,289.35284)
{begingroup}
{save}
{picture}
{if}
{known((38.34772,289.35284))}
{true}
{("1")infont("cmr10")}
{(1)/(0.72015)}
{(picture)scaled(1.3886)}
{(unknown picture p)=(picture)}

draw<expr>->addto.currentpicture.if.picture(EXPR0):also(EXPR0)else:doublepath(E
XPR0)t_.withpen.currentpen.fi.pc_

t_->transformed.currenttransform
{((38.34772,289.35284))transformed((0,0,1,0,0,1))}
{(3)/(0.72015)}
{(4.16577)*((0,1))}
{((38.34772,289.35284))+((0,4.16577))}
{lrcorner(picture)}
{(0.5)*((6.91707,0))}
{ulcorner(picture)}
{(0)*((0,8.91528))}
{((3.45854,0))+((0,0))}
{(1)-(0.5)}
{(0.5)-(0)}
{llcorner(picture)}
{(0.5)*((0,0))}
{((3.45854,0))+((0,0))}
{((38.34772,293.51862))-((3.45854,0))}
{(picture)shifted((34.88918,293.51862))}
(EXPR0)<-picture
{addto}
{if}
{picture(picture)}
{true}
{else}

pc_->do_pc_

do_pc_->withcolor.proofcolor
{interim}
{linecap:=1}

draw<expr>->addto.currentpicture.if.picture(EXPR0):also(EXPR0)else:doublepath(E
XPR0)t_.withpen.currentpen.fi.pc_
(EXPR0)<-(38.34772,289.35284)
{addto}
{if}
{picture((38.34772,289.35284))}
{false}

t_->transformed.currenttransform
{((38.34772,289.35284))transformed((0,0,1,0,0,1))}
{fi}

pc_->do_pc_

do_pc_->withcolor.proofcolor
{pencircle}
{(3)/(0.72015)}
{(pen)scaled(4.16577)}
{fi}
{restoring linecap=1}
{restoring p}
{endgroup}
{[repeat the loop]}
{loop value=2}

makelabel@#(EXPR3)(EXPR4)->begingroup.save.p;picture.p;if.known(EXPR4):p=(EXPR3
)infont.defaultfont.scaled(defaultscale/bp_per_pixel);draw.p.shifted((EXPR4)t_+
labeloffset/bp_per_pixel*laboff(SUFFIX2)-(labxf(SUFFIX2)*lrcorner.p+labyf(SUFFI
X2)*ulcorner.p+(1-labxf(SUFFIX2)-labyf(SUFFIX2))*llcorner.p))withcolor.black;in
terim.linecap:=rounded;draw(EXPR4)withpen.pencircle.scaled(3/bp_per_pixel)withc
olor.black;fi.endgroup
(SUFFIX0)<-
(SUFFIX1)<-makelabel
(SUFFIX2)<-
(EXPR3)<-"2"

z@#->begingroup(x(SUFFIX2),y(SUFFIX2))endgroup
(SUFFIX0)<-
(SUFFIX1)<-z
(SUFFIX2)<-2
{begingroup}
{endgroup}
(EXPR4)<-(124.63112,336.66463)
{begingroup}
{save}
{picture}
{if}
{known((124.63112,336.66463))}
{true}
{("2")infont("cmr10")}
{(1)/(0.72015)}
{(picture)scaled(1.3886)}
{(unknown picture p)=(picture)}

draw<expr>->addto.currentpicture.if.picture(EXPR0):also(EXPR0)else:doublepath(E
XPR0)t_.withpen.currentpen.fi.pc_

t_->transformed.currenttransform
{((124.63112,336.66463))transformed((0,0,1,0,0,1))}
{(3)/(0.72015)}
{(4.16577)*((0,1))}
{((124.63112,336.66463))+((0,4.16577))}
{lrcorner(picture)}
{(0.5)*((6.91707,0))}
{ulcorner(picture)}
{(0)*((0,8.91528))}
{((3.45854,0))+((0,0))}
{(1)-(0.5)}
{(0.5)-(0)}
{llcorner(picture)}
{(0.5)*((0,0))}
{((3.45854,0))+((0,0))}
{((124.63112,340.8304))-((3.45854,0))}
{(picture)shifted((121.17258,340.8304))}
(EXPR0)<-picture
{addto}
{if}
{picture(picture)}
{true}
{else}

pc_->do_pc_

do_pc_->withcolor.proofcolor
{interim}
{linecap:=1}

draw<expr>->addto.currentpicture.if.picture(EXPR0):also(EXPR0)else:doublepath(E
XPR0)t_.withpen.currentpen.fi.pc_
(EXPR0)<-(124.63112,336.66463)
{addto}
{if}
{picture((124.63112,336.66463))}
{false}

t_->transformed.currenttransform
{((124.63112,336.66463))transformed((0,0,1,0,0,1))}
{fi}

pc_->do_pc_

do_pc_->withcolor.proofcolor
{pencircle}
{(3)/(0.72015)}
{(pen)scaled(4.16577)}
{fi}
{restoring linecap=1}
{restoring p}
{endgroup}
{[repeat the loop]}
{loop value=3}

makelabel@#(EXPR3)(EXPR4)->begingroup.save.p;picture.p;if.known(EXPR4):p=(EXPR3
)infont.defaultfont.scaled(defaultscale/bp_per_pixel);draw.p.shifted((EXPR4)t_+
labeloffset/bp_per_pixel*laboff(SUFFIX2)-(labxf(SUFFIX2)*lrcorner.p+labyf(SUFFI
X2)*ulcorner.p+(1-labxf(SUFFIX2)-labyf(SUFFIX2))*llcorner.p))withcolor.black;in
terim.linecap:=rounded;draw(EXPR4)withpen.pencircle.scaled(3/bp_per_pixel)withc
olor.black;fi.endgroup
(SUFFIX0)<-
(SUFFIX1)<-makelabel
(SUFFIX2)<-
(EXPR3)<-"3"

z@#->begingroup(x(SUFFIX2),y(SUFFIX2))endgroup
(SUFFIX0)<-
(SUFFIX1)<-z
(SUFFIX2)<-3
{begingroup}
{endgroup}
(EXPR4)<-(214.1503,251.00475)
{begingroup}
{save}
{picture}
{if}
{known((214.1503,251.00475))}
{true}
{("3")infont("cmr10")}
{(1)/(0.72015)}
{(picture)scaled(1.3886)}
{(unknown picture p)=(picture)}

draw<expr>->addto.currentpicture.if.picture(EXPR0):also(EXPR0)else:doublepath(E
XPR0)t_.withpen.currentpen.fi.pc_

t_->transformed.currenttransform
{((214.1503,251.00475))transformed((0,0,1,0,0,1))}
{(3)/(0.72015)}
{(4.16577)*((0,1))}
{((214.1503,251.00475))+((0,4.16577))}
{lrcorner(picture)}
{(0.5)*((6.91707,0))}
{ulcorner(picture)}
{(0)*((0,8.91528))}
{((3.45854,0))+((0,0))}
{(1)-(0.5)}
{(0.5)-(0)}
{llcorner(picture)}
{(0.5)*((0,0))}
{((3.45854,0))+((0,0))}
{((214.1503,255.17052))-((3.45854,0))}
{(picture)shifted((210.69176,255.17052))}
(EXPR0)<-picture
{addto}
{if}
{picture(picture)}
{true}
{else}

pc_->do_pc_

do_pc_->withcolor.proofcolor
{interim}
{linecap:=1}

draw<expr>->addto.currentpicture.if.picture(EXPR0):also(EXPR0)else:doublepath(E
XPR0)t_.withpen.currentpen.fi.pc_
(EXPR0)<-(214.1503,251.00475)
{addto}
{if}
{picture((214.1503,251.00475))}
{false}

t_->transformed.currenttransform
{((214.1503,251.00475))transformed((0,0,1,0,0,1))}
{fi}

pc_->do_pc_

do_pc_->withcolor.proofcolor
{pencircle}
{(3)/(0.72015)}
{(pen)scaled(4.16577)}
{fi}
{restoring linecap=1}
{restoring p}
{endgroup}
{[repeat the loop]}
{loop value=4}

makelabel@#(EXPR3)(EXPR4)->begingroup.save.p;picture.p;if.known(EXPR4):p=(EXPR3
)infont.defaultfont.scaled(defaultscale/bp_per_pixel);draw.p.shifted((EXPR4)t_+
labeloffset/bp_per_pixel*laboff(SUFFIX2)-(labxf(SUFFIX2)*lrcorner.p+labyf(SUFFI
X2)*ulcorner.p+(1-labxf(SUFFIX2)-labyf(SUFFIX2))*llcorner.p))withcolor.black;in
terim.linecap:=rounded;draw(EXPR4)withpen.pencircle.scaled(3/bp_per_pixel)withc
olor.black;fi.endgroup
(SUFFIX0)<-
(SUFFIX1)<-makelabel
(SUFFIX2)<-
(EXPR3)<-"4"

z@#->begingroup(x(SUFFIX2),y(SUFFIX2))endgroup
(SUFFIX0)<-
(SUFFIX1)<-z
(SUFFIX2)<-4
{begingroup}
{endgroup}
(EXPR4)<-(167.08737,149.9028)
{begingroup}
{save}
{picture}
{if}
{known((167.08737,149.9028))}
{true}
{("4")infont("cmr10")}
{(1)/(0.72015)}
{(picture)scaled(1.3886)}
{(unknown picture p)=(picture)}

draw<expr>->addto.currentpicture.if.picture(EXPR0):also(EXPR0)else:doublepath(E
XPR0)t_.withpen.currentpen.fi.pc_

t_->transformed.currenttransform
{((167.08737,149.9028))transformed((0,0,1,0,0,1))}
{(3)/(0.72015)}
{(4.16577)*((0,1))}
{((167.08737,149.9028))+((0,4.16577))}
{lrcorner(picture)}
{(0.5)*((6.91707,0))}
{ulcorner(picture)}
{(0)*((0,8.91528))}
{((3.45854,0))+((0,0))}
{(1)-(0.5)}
{(0.5)-(0)}
{llcorner(picture)}
{(0.5)*((0,0))}
{((3.45854,0))+((0,0))}
{((167.08737,154.06857))-((3.45854,0))}
{(picture)shifted((163.62883,154.06857))}
(EXPR0)<-picture
{addto}
{if}
{picture(picture)}
{true}
{else}

pc_->do_pc_

do_pc_->withcolor.proofcolor
{interim}
{linecap:=1}

draw<expr>->addto.currentpicture.if.picture(EXPR0):also(EXPR0)else:doublepath(E
XPR0)t_.withpen.currentpen.fi.pc_
(EXPR0)<-(167.08737,149.9028)
{addto}
{if}
{picture((167.08737,149.9028))}
{false}

t_->transformed.currenttransform
{((167.08737,149.9028))transformed((0,0,1,0,0,1))}
{fi}

pc_->do_pc_

do_pc_->withcolor.proofcolor
{pencircle}
{(3)/(0.72015)}
{(pen)scaled(4.16577)}
{fi}
{restoring linecap=1}
{restoring p}
{endgroup}
{[repeat the loop]}
{loop value=5}

makelabel@#(EXPR3)(EXPR4)->begingroup.save.p;picture.p;if.known(EXPR4):p=(EXPR3
)infont.defaultfont.scaled(defaultscale/bp_per_pixel);draw.p.shifted((EXPR4)t_+
labeloffset/bp_per_pixel*laboff(SUFFIX2)-(labxf(SUFFIX2)*lrcorner.p+labyf(SUFFI
X2)*ulcorner.p+(1-labxf(SUFFIX2)-labyf(SUFFIX2))*llcorner.p))withcolor.black;in
terim.linecap:=rounded;draw(EXPR4)withpen.pencircle.scaled(3/bp_per_pixel)withc
olor.black;fi.endgroup
(SUFFIX0)<-
(SUFFIX1)<-makelabel
(SUFFIX2)<-
(EXPR3)<-"5"

z@#->begingroup(x(SUFFIX2),y(SUFFIX2))endgroup
(SUFFIX0)<-
(SUFFIX1)<-z
(SUFFIX2)<-5
{begingroup}
{endgroup}
(EXPR4)<-(40.60149,28.57309)
{begingroup}
{save}
{picture}
{if}
{known((40.60149,28.57309))}
{true}
{("5")infont("cmr10")}
{(1)/(0.72015)}
{(picture)scaled(1.3886)}
{(unknown picture p)=(picture)}

draw<expr>->addto.currentpicture.if.picture(EXPR0):also(EXPR0)else:doublepath(E
XPR0)t_.withpen.currentpen.fi.pc_

t_->transformed.currenttransform
{((40.60149,28.57309))transformed((0,0,1,0,0,1))}
{(3)/(0.72015)}
{(4.16577)*((0,1))}
{((40.60149,28.57309))+((0,4.16577))}
{lrcorner(picture)}
{(0.5)*((6.91707,0))}
{ulcorner(picture)}
{(0)*((0,8.91528))}
{((3.45854,0))+((0,0))}
{(1)-(0.5)}
{(0.5)-(0)}
{llcorner(picture)}
{(0.5)*((0,0))}
{((3.45854,0))+((0,0))}
{((40.60149,32.73886))-((3.45854,0))}
{(picture)shifted((37.14294,32.73886))}
(EXPR0)<-picture
{addto}
{if}
{picture(picture)}
{true}
{else}

pc_->do_pc_

do_pc_->withcolor.proofcolor
{interim}
{linecap:=1}

draw<expr>->addto.currentpicture.if.picture(EXPR0):also(EXPR0)else:doublepath(E
XPR0)t_.withpen.currentpen.fi.pc_
(EXPR0)<-(40.60149,28.57309)
{addto}
{if}
{picture((40.60149,28.57309))}
{false}

t_->transformed.currenttransform
{((40.60149,28.57309))transformed((0,0,1,0,0,1))}
{fi}

pc_->do_pc_

do_pc_->withcolor.proofcolor
{pencircle}
{(3)/(0.72015)}
{(pen)scaled(4.16577)}
{fi}
{restoring linecap=1}
{restoring p}
{endgroup}
{[repeat the loop]}
{loop value=6}

makelabel@#(EXPR3)(EXPR4)->begingroup.save.p;picture.p;if.known(EXPR4):p=(EXPR3
)infont.defaultfont.scaled(defaultscale/bp_per_pixel);draw.p.shifted((EXPR4)t_+
labeloffset/bp_per_pixel*laboff(SUFFIX2)-(labxf(SUFFIX2)*lrcorner.p+labyf(SUFFI
X2)*ulcorner.p+(1-labxf(SUFFIX2)-labyf(SUFFIX2))*llcorner.p))withcolor.black;in
terim.linecap:=rounded;draw(EXPR4)withpen.pencircle.scaled(3/bp_per_pixel)withc
olor.black;fi.endgroup
(SUFFIX0)<-
(SUFFIX1)<-makelabel
(SUFFIX2)<-
(EXPR3)<-"6"

z@#->begingroup(x(SUFFIX2),y(SUFFIX2))endgroup
(SUFFIX0)<-
(SUFFIX1)<-z
(SUFFIX2)<-6
{begingroup}
{endgroup}
(EXPR4)<-(29.33247,19.92105)
{begingroup}
{save}
{picture}
{if}
{known((29.33247,19.92105))}
{true}
{("6")infont("cmr10")}
{(1)/(0.72015)}
{(picture)scaled(1.3886)}
{(unknown picture p)=(picture)}

draw<expr>->addto.currentpicture.if.picture(EXPR0):also(EXPR0)else:doublepath(E
XPR0)t_.withpen.currentpen.fi.pc_

t_->transformed.currenttransform
{((29.33247,19.92105))transformed((0,0,1,0,0,1))}
{(3)/(0.72015)}
{(4.16577)*((0,1))}
{((29.33247,19.92105))+((0,4.16577))}
{lrcorner(picture)}
{(0.5)*((6.91707,0))}
{ulcorner(picture)}
{(0)*((0,8.91528))}
{((3.45854,0))+((0,0))}
{(1)-(0.5)}
{(0.5)-(0)}
{llcorner(picture)}
{(0.5)*((0,0))}
{((3.45854,0))+((0,0))}
{((29.33247,24.08682))-((3.45854,0))}
{(picture)shifted((25.87393,24.08682))}
(EXPR0)<-picture
{addto}
{if}
{picture(picture)}
{true}
{else}

pc_->do_pc_

do_pc_->withcolor.proofcolor
{interim}
{linecap:=1}

draw<expr>->addto.currentpicture.if.picture(EXPR0):also(EXPR0)else:doublepath(E
XPR0)t_.withpen.currentpen.fi.pc_
(EXPR0)<-(29.33247,19.92105)
{addto}
{if}
{picture((29.33247,19.92105))}
{false}

t_->transformed.currenttransform
{((29.33247,19.92105))transformed((0,0,1,0,0,1))}
{fi}

pc_->do_pc_

do_pc_->withcolor.proofcolor
{pencircle}
{(3)/(0.72015)}
{(pen)scaled(4.16577)}
{fi}
{restoring linecap=1}
{restoring p}
{endgroup}
{[repeat the loop]}
{loop value=7}

makelabel@#(EXPR3)(EXPR4)->begingroup.save.p;picture.p;if.known(EXPR4):p=(EXPR3
)infont.defaultfont.scaled(defaultscale/bp_per_pixel);draw.p.shifted((EXPR4)t_+
labeloffset/bp_per_pixel*laboff(SUFFIX2)-(labxf(SUFFIX2)*lrcorner.p+labyf(SUFFI
X2)*ulcorner.p+(1-labxf(SUFFIX2)-labyf(SUFFIX2))*llcorner.p))withcolor.black;in
terim.linecap:=rounded;draw(EXPR4)withpen.pencircle.scaled(3/bp_per_pixel)withc
olor.black;fi.endgroup
(SUFFIX0)<-
(SUFFIX1)<-makelabel
(SUFFIX2)<-
(EXPR3)<-"7"

z@#->begingroup(x(SUFFIX2),y(SUFFIX2))endgroup
(SUFFIX0)<-
(SUFFIX1)<-z
(SUFFIX2)<-7
{begingroup}
{endgroup}
(EXPR4)<-(234.07135,19.92105)
{begingroup}
{save}
{picture}
{if}
{known((234.07135,19.92105))}
{true}
{("7")infont("cmr10")}
{(1)/(0.72015)}
{(picture)scaled(1.3886)}
{(unknown picture p)=(picture)}

draw<expr>->addto.currentpicture.if.picture(EXPR0):also(EXPR0)else:doublepath(E
XPR0)t_.withpen.currentpen.fi.pc_

t_->transformed.currenttransform
{((234.07135,19.92105))transformed((0,0,1,0,0,1))}
{(3)/(0.72015)}
{(4.16577)*((0,1))}
{((234.07135,19.92105))+((0,4.16577))}
{lrcorner(picture)}
{(0.5)*((6.91707,0))}
{ulcorner(picture)}
{(0)*((0,8.91528))}
{((3.45854,0))+((0,0))}
{(1)-(0.5)}
{(0.5)-(0)}
{llcorner(picture)}
{(0.5)*((0,0))}
{((3.45854,0))+((0,0))}
{((234.07135,24.08682))-((3.45854,0))}
{(picture)shifted((230.61281,24.08682))}
(EXPR0)<-picture
{addto}
{if}
{picture(picture)}
{true}
{else}

pc_->do_pc_

do_pc_->withcolor.proofcolor
{interim}
{linecap:=1}

draw<expr>->addto.currentpicture.if.picture(EXPR0):also(EXPR0)else:doublepath(E
XPR0)t_.withpen.currentpen.fi.pc_
(EXPR0)<-(234.07135,19.92105)
{addto}
{if}
{picture((234.07135,19.92105))}
{false}

t_->transformed.currenttransform
{((234.07135,19.92105))transformed((0,0,1,0,0,1))}
{fi}

pc_->do_pc_

do_pc_->withcolor.proofcolor
{pencircle}
{(3)/(0.72015)}
{(pen)scaled(4.16577)}
{fi}
{restoring linecap=1}
{restoring p}
{endgroup}
{[repeat the loop]}
{[repeat the loop]}
{loop value=r}
{forsuffixes}

range<expr>->numtok[(EXPR0)]

thru->(EXPR0)for.x=(EXPR0)+1step1until(EXPR1):,numtok[x]endfor
(EXPR0)<-1
(EXPR1)<-7
{for}
{(1)+(1)}
{loop value=2}
(EXPR0)<-1

numtok<suffix>->(SUFFIX0)
(SUFFIX0)<-1

numtok<suffix>->(SUFFIX0)
{[repeat the loop]}
{loop value=3}
(SUFFIX0)<-2

numtok<suffix>->(SUFFIX0)
{[repeat the loop]}
{loop value=4}
(SUFFIX0)<-3

numtok<suffix>->(SUFFIX0)
{[repeat the loop]}
{loop value=5}
(SUFFIX0)<-4

numtok<suffix>->(SUFFIX0)
{[repeat the loop]}
{loop value=6}
(SUFFIX0)<-5

numtok<suffix>->(SUFFIX0)
{[repeat the loop]}
{loop value=7}
(SUFFIX0)<-6

numtok<suffix>->(SUFFIX0)
{[repeat the loop]}
(SUFFIX0)<-7
{loop value=1}

makelabel@#(EXPR3)(EXPR4)->begingroup.save.p;picture.p;if.known(EXPR4):p=(EXPR3
)infont.defaultfont.scaled(defaultscale/bp_per_pixel);draw.p.shifted((EXPR4)t_+
labeloffset/bp_per_pixel*laboff(SUFFIX2)-(labxf(SUFFIX2)*lrcorner.p+labyf(SUFFI
X2)*ulcorner.p+(1-labxf(SUFFIX2)-labyf(SUFFIX2))*llcorner.p))withcolor.black;in
terim.linecap:=rounded;draw(EXPR4)withpen.pencircle.scaled(3/bp_per_pixel)withc
olor.black;fi.endgroup
(SUFFIX0)<-
(SUFFIX1)<-makelabel
(SUFFIX2)<-
(EXPR3)<-"1r"

z@#->begingroup(x(SUFFIX2),y(SUFFIX2))endgroup
(SUFFIX0)<-
(SUFFIX1)<-z
(SUFFIX2)<-1r
{begingroup}
{endgroup}
(EXPR4)<-(29.33247,298.36809)
{begingroup}
{save}
{picture}
{if}
{known((29.33247,298.36809))}
{true}
{("1r")infont("cmr10")}
{(1)/(0.72015)}
{(picture)scaled(1.3886)}
{(unknown picture p)=(picture)}

draw<expr>->addto.currentpicture.if.picture(EXPR0):also(EXPR0)else:doublepath(E
XPR0)t_.withpen.currentpen.fi.pc_

t_->transformed.currenttransform
{((29.33247,298.36809))transformed((0,0,1,0,0,1))}
{(3)/(0.72015)}
{(4.16577)*((0,1))}
{((29.33247,298.36809))+((0,4.16577))}
{lrcorner(picture)}
{(0.5)*((12.33543,0))}
{ulcorner(picture)}
{(0)*((0,8.91528))}
{((6.16772,0))+((0,0))}
{(1)-(0.5)}
{(0.5)-(0)}
{llcorner(picture)}
{(0.5)*((0,0))}
{((6.16772,0))+((0,0))}
{((29.33247,302.53386))-((6.16772,0))}
{(picture)shifted((23.16475,302.53386))}
(EXPR0)<-picture
{addto}
{if}
{picture(picture)}
{true}
{else}

pc_->do_pc_

do_pc_->withcolor.proofcolor
{interim}
{linecap:=1}

draw<expr>->addto.currentpicture.if.picture(EXPR0):also(EXPR0)else:doublepath(E
XPR0)t_.withpen.currentpen.fi.pc_
(EXPR0)<-(29.33247,298.36809)
{addto}
{if}
{picture((29.33247,298.36809))}
{false}

t_->transformed.currenttransform
{((29.33247,298.36809))transformed((0,0,1,0,0,1))}
{fi}

pc_->do_pc_

do_pc_->withcolor.proofcolor
{pencircle}
{(3)/(0.72015)}
{(pen)scaled(4.16577)}
{fi}
{restoring linecap=1}
{restoring p}
{endgroup}
{[repeat the loop]}
{loop value=2}

makelabel@#(EXPR3)(EXPR4)->begingroup.save.p;picture.p;if.known(EXPR4):p=(EXPR3
)infont.defaultfont.scaled(defaultscale/bp_per_pixel);draw.p.shifted((EXPR4)t_+
labeloffset/bp_per_pixel*laboff(SUFFIX2)-(labxf(SUFFIX2)*lrcorner.p+labyf(SUFFI
X2)*ulcorner.p+(1-labxf(SUFFIX2)-labyf(SUFFIX2))*llcorner.p))withcolor.black;in
terim.linecap:=rounded;draw(EXPR4)withpen.pencircle.scaled(3/bp_per_pixel)withc
olor.black;fi.endgroup
(SUFFIX0)<-
(SUFFIX1)<-makelabel
(SUFFIX2)<-
(EXPR3)<-"2r"

z@#->begingroup(x(SUFFIX2),y(SUFFIX2))endgroup
(SUFFIX0)<-
(SUFFIX1)<-z
(SUFFIX2)<-2r
{begingroup}
{endgroup}
(EXPR4)<-(124.63112,352.6014)
{begingroup}
{save}
{picture}
{if}
{known((124.63112,352.6014))}
{true}
{("2r")infont("cmr10")}
{(1)/(0.72015)}
{(picture)scaled(1.3886)}
{(unknown picture p)=(picture)}

draw<expr>->addto.currentpicture.if.picture(EXPR0):also(EXPR0)else:doublepath(E
XPR0)t_.withpen.currentpen.fi.pc_

t_->transformed.currenttransform
{((124.63112,352.6014))transformed((0,0,1,0,0,1))}
{(3)/(0.72015)}
{(4.16577)*((0,1))}
{((124.63112,352.6014))+((0,4.16577))}
{lrcorner(picture)}
{(0.5)*((12.33543,0))}
{ulcorner(picture)}
{(0)*((0,8.91528))}
{((6.16772,0))+((0,0))}
{(1)-(0.5)}
{(0.5)-(0)}
{llcorner(picture)}
{(0.5)*((0,0))}
{((6.16772,0))+((0,0))}
{((124.63112,356.76717))-((6.16772,0))}
{(picture)shifted((118.4634,356.76717))}
(EXPR0)<-picture
{addto}
{if}
{picture(picture)}
{true}
{else}

pc_->do_pc_

do_pc_->withcolor.proofcolor
{interim}
{linecap:=1}

draw<expr>->addto.currentpicture.if.picture(EXPR0):also(EXPR0)else:doublepath(E
XPR0)t_.withpen.currentpen.fi.pc_
(EXPR0)<-(124.63112,352.6014)
{addto}
{if}
{picture((124.63112,352.6014))}
{false}

t_->transformed.currenttransform
{((124.63112,352.6014))transformed((0,0,1,0,0,1))}
{fi}

pc_->do_pc_

do_pc_->withcolor.proofcolor
{pencircle}
{(3)/(0.72015)}
{(pen)scaled(4.16577)}
{fi}
{restoring linecap=1}
{restoring p}
{endgroup}
{[repeat the loop]}
{loop value=3}

makelabel@#(EXPR3)(EXPR4)->begingroup.save.p;picture.p;if.known(EXPR4):p=(EXPR3
)infont.defaultfont.scaled(defaultscale/bp_per_pixel);draw.p.shifted((EXPR4)t_+
labeloffset/bp_per_pixel*laboff(SUFFIX2)-(labxf(SUFFIX2)*lrcorner.p+labyf(SUFFI
X2)*ulcorner.p+(1-labxf(SUFFIX2)-labyf(SUFFIX2))*llcorner.p))withcolor.black;in
terim.linecap:=rounded;draw(EXPR4)withpen.pencircle.scaled(3/bp_per_pixel)withc
olor.black;fi.endgroup
(SUFFIX0)<-
(SUFFIX1)<-makelabel
(SUFFIX2)<-
(EXPR3)<-"3r"

z@#->begingroup(x(SUFFIX2),y(SUFFIX2))endgroup
(SUFFIX0)<-
(SUFFIX1)<-z
(SUFFIX2)<-3r
{begingroup}
{endgroup}
(EXPR4)<-(234.07135,251.00475)
{begingroup}
{save}
{picture}
{if}
{known((234.07135,251.00475))}
{true}
{("3r")infont("cmr10")}
{(1)/(0.72015)}
{(picture)scaled(1.3886)}
{(unknown picture p)=(picture)}

draw<expr>->addto.currentpicture.if.picture(EXPR0):also(EXPR0)else:doublepath(E
XPR0)t_.withpen.currentpen.fi.pc_

t_->transformed.currenttransform
{((234.07135,251.00475))transformed((0,0,1,0,0,1))}
{(3)/(0.72015)}
{(4.16577)*((0,1))}
{((234.07135,251.00475))+((0,4.16577))}
{lrcorner(picture)}
{(0.5)*((12.33543,0))}
{ulcorner(picture)}
{(0)*((0,8.91528))}
{((6.16772,0))+((0,0))}
{(1)-(0.5)}
{(0.5)-(0)}
{llcorner(picture)}
{(0.5)*((0,0))}
{((6.16772,0))+((0,0))}
{((234.07135,255.17052))-((6.16772,0))}
{(picture)shifted((227.90363,255.17052))}
(EXPR0)<-picture
{addto}
{if}
{picture(picture)}
{true}
{else}

pc_->do_pc_

do_pc_->withcolor.proofcolor
{interim}
{linecap:=1}

draw<expr>->addto.currentpicture.if.picture(EXPR0):also(EXPR0)else:doublepath(E
XPR0)t_.withpen.currentpen.fi.pc_
(EXPR0)<-(234.07135,251.00475)
{addto}
{if}
{picture((234.07135,251.00475))}
{false}

t_->transformed.currenttransform
{((234.07135,251.00475))transformed((0,0,1,0,0,1))}
{fi}

pc_->do_pc_

do_pc_->withcolor.proofcolor
{pencircle}
{(3)/(0.72015)}
{(pen)scaled(4.16577)}
{fi}
{restoring linecap=1}
{restoring p}
{endgroup}
{[repeat the loop]}
{loop value=4}

makelabel@#(EXPR3)(EXPR4)->begingroup.save.p;picture.p;if.known(EXPR4):p=(EXPR3
)infont.defaultfont.scaled(defaultscale/bp_per_pixel);draw.p.shifted((EXPR4)t_+
labeloffset/bp_per_pixel*laboff(SUFFIX2)-(labxf(SUFFIX2)*lrcorner.p+labyf(SUFFI
X2)*ulcorner.p+(1-labxf(SUFFIX2)-labyf(SUFFIX2))*llcorner.p))withcolor.black;in
terim.linecap:=rounded;draw(EXPR4)withpen.pencircle.scaled(3/bp_per_pixel)withc
olor.black;fi.endgroup
(SUFFIX0)<-
(SUFFIX1)<-makelabel
(SUFFIX2)<-
(EXPR3)<-"4r"

z@#->begingroup(x(SUFFIX2),y(SUFFIX2))endgroup
(SUFFIX0)<-
(SUFFIX1)<-z
(SUFFIX2)<-4r
{begingroup}
{endgroup}
(EXPR4)<-(178.35638,138.63379)
{begingroup}
{save}
{picture}
{if}
{known((178.35638,138.63379))}
{true}
{("4r")infont("cmr10")}
{(1)/(0.72015)}
{(picture)scaled(1.3886)}
{(unknown picture p)=(picture)}

draw<expr>->addto.currentpicture.if.picture(EXPR0):also(EXPR0)else:doublepath(E
XPR0)t_.withpen.currentpen.fi.pc_

t_->transformed.currenttransform
{((178.35638,138.63379))transformed((0,0,1,0,0,1))}
{(3)/(0.72015)}
{(4.16577)*((0,1))}
{((178.35638,138.63379))+((0,4.16577))}
{lrcorner(picture)}
{(0.5)*((12.33543,0))}
{ulcorner(picture)}
{(0)*((0,8.91528))}
{((6.16772,0))+((0,0))}
{(1)-(0.5)}
{(0.5)-(0)}
{llcorner(picture)}
{(0.5)*((0,0))}
{((6.16772,0))+((0,0))}
{((178.35638,142.79956))-((6.16772,0))}
{(picture)shifted((172.18866,142.79956))}
(EXPR0)<-picture
{addto}
{if}
{picture(picture)}
{true}
{else}

pc_->do_pc_

do_pc_->withcolor.proofcolor
{interim}
{linecap:=1}

draw<expr>->addto.currentpicture.if.picture(EXPR0):also(EXPR0)else:doublepath(E
XPR0)t_.withpen.currentpen.fi.pc_
(EXPR0)<-(178.35638,138.63379)
{addto}
{if}
{picture((178.35638,138.63379))}
{false}

t_->transformed.currenttransform
{((178.35638,138.63379))transformed((0,0,1,0,0,1))}
{fi}

pc_->do_pc_

do_pc_->withcolor.proofcolor
{pencircle}
{(3)/(0.72015)}
{(pen)scaled(4.16577)}
{fi}
{restoring linecap=1}
{restoring p}
{endgroup}
{[repeat the loop]}
{loop value=5}

makelabel@#(EXPR3)(EXPR4)->begingroup.save.p;picture.p;if.known(EXPR4):p=(EXPR3
)infont.defaultfont.scaled(defaultscale/bp_per_pixel);draw.p.shifted((EXPR4)t_+
labeloffset/bp_per_pixel*laboff(SUFFIX2)-(labxf(SUFFIX2)*lrcorner.p+labyf(SUFFI
X2)*ulcorner.p+(1-labxf(SUFFIX2)-labyf(SUFFIX2))*llcorner.p))withcolor.black;in
terim.linecap:=rounded;draw(EXPR4)withpen.pencircle.scaled(3/bp_per_pixel)withc
olor.black;fi.endgroup
(SUFFIX0)<-
(SUFFIX1)<-makelabel
(SUFFIX2)<-
(EXPR3)<-"5r"

z@#->begingroup(x(SUFFIX2),y(SUFFIX2))endgroup
(SUFFIX0)<-
(SUFFIX1)<-z
(SUFFIX2)<-5r
{begingroup}
{endgroup}
(EXPR4)<-(51.87048,17.3041)
{begingroup}
{save}
{picture}
{if}
{known((51.87048,17.3041))}
{true}
{("5r")infont("cmr10")}
{(1)/(0.72015)}
{(picture)scaled(1.3886)}
{(unknown picture p)=(picture)}

draw<expr>->addto.currentpicture.if.picture(EXPR0):also(EXPR0)else:doublepath(E
XPR0)t_.withpen.currentpen.fi.pc_

t_->transformed.currenttransform
{((51.87048,17.3041))transformed((0,0,1,0,0,1))}
{(3)/(0.72015)}
{(4.16577)*((0,1))}
{((51.87048,17.3041))+((0,4.16577))}
{lrcorner(picture)}
{(0.5)*((12.33543,0))}
{ulcorner(picture)}
{(0)*((0,8.91528))}
{((6.16772,0))+((0,0))}
{(1)-(0.5)}
{(0.5)-(0)}
{llcorner(picture)}
{(0.5)*((0,0))}
{((6.16772,0))+((0,0))}
{((51.87048,21.46986))-((6.16772,0))}
{(picture)shifted((45.70276,21.46986))}
(EXPR0)<-picture
{addto}
{if}
{picture(picture)}
{true}
{else}

pc_->do_pc_

do_pc_->withcolor.proofcolor
{interim}
{linecap:=1}

draw<expr>->addto.currentpicture.if.picture(EXPR0):also(EXPR0)else:doublepath(E
XPR0)t_.withpen.currentpen.fi.pc_
(EXPR0)<-(51.87048,17.3041)
{addto}
{if}
{picture((51.87048,17.3041))}
{false}

t_->transformed.currenttransform
{((51.87048,17.3041))transformed((0,0,1,0,0,1))}
{fi}

pc_->do_pc_

do_pc_->withcolor.proofcolor
{pencircle}
{(3)/(0.72015)}
{(pen)scaled(4.16577)}
{fi}
{restoring linecap=1}
{restoring p}
{endgroup}
{[repeat the loop]}
{loop value=6}

makelabel@#(EXPR3)(EXPR4)->begingroup.save.p;picture.p;if.known(EXPR4):p=(EXPR3
)infont.defaultfont.scaled(defaultscale/bp_per_pixel);draw.p.shifted((EXPR4)t_+
labeloffset/bp_per_pixel*laboff(SUFFIX2)-(labxf(SUFFIX2)*lrcorner.p+labyf(SUFFI
X2)*ulcorner.p+(1-labxf(SUFFIX2)-labyf(SUFFIX2))*llcorner.p))withcolor.black;in
terim.linecap:=rounded;draw(EXPR4)withpen.pencircle.scaled(3/bp_per_pixel)withc
olor.black;fi.endgroup
(SUFFIX0)<-
(SUFFIX1)<-makelabel
(SUFFIX2)<-
(EXPR3)<-"6r"

z@#->begingroup(x(SUFFIX2),y(SUFFIX2))endgroup
(SUFFIX0)<-
(SUFFIX1)<-z
(SUFFIX2)<-6r
{begingroup}
{endgroup}
(EXPR4)<-(29.33247,39.8421)
{begingroup}
{save}
{picture}
{if}
{known((29.33247,39.8421))}
{true}
{("6r")infont("cmr10")}
{(1)/(0.72015)}
{(picture)scaled(1.3886)}
{(unknown picture p)=(picture)}

draw<expr>->addto.currentpicture.if.picture(EXPR0):also(EXPR0)else:doublepath(E
XPR0)t_.withpen.currentpen.fi.pc_

t_->transformed.currenttransform
{((29.33247,39.8421))transformed((0,0,1,0,0,1))}
{(3)/(0.72015)}
{(4.16577)*((0,1))}
{((29.33247,39.8421))+((0,4.16577))}
{lrcorner(picture)}
{(0.5)*((12.33543,0))}
{ulcorner(picture)}
{(0)*((0,8.91528))}
{((6.16772,0))+((0,0))}
{(1)-(0.5)}
{(0.5)-(0)}
{llcorner(picture)}
{(0.5)*((0,0))}
{((6.16772,0))+((0,0))}
{((29.33247,44.00787))-((6.16772,0))}
{(picture)shifted((23.16475,44.00787))}
(EXPR0)<-picture
{addto}
{if}
{picture(picture)}
{true}
{else}

pc_->do_pc_

do_pc_->withcolor.proofcolor
{interim}
{linecap:=1}

draw<expr>->addto.currentpicture.if.picture(EXPR0):also(EXPR0)else:doublepath(E
XPR0)t_.withpen.currentpen.fi.pc_
(EXPR0)<-(29.33247,39.8421)
{addto}
{if}
{picture((29.33247,39.8421))}
{false}

t_->transformed.currenttransform
{((29.33247,39.8421))transformed((0,0,1,0,0,1))}
{fi}

pc_->do_pc_

do_pc_->withcolor.proofcolor
{pencircle}
{(3)/(0.72015)}
{(pen)scaled(4.16577)}
{fi}
{restoring linecap=1}
{restoring p}
{endgroup}
{[repeat the loop]}
{loop value=7}

makelabel@#(EXPR3)(EXPR4)->begingroup.save.p;picture.p;if.known(EXPR4):p=(EXPR3
)infont.defaultfont.scaled(defaultscale/bp_per_pixel);draw.p.shifted((EXPR4)t_+
labeloffset/bp_per_pixel*laboff(SUFFIX2)-(labxf(SUFFIX2)*lrcorner.p+labyf(SUFFI
X2)*ulcorner.p+(1-labxf(SUFFIX2)-labyf(SUFFIX2))*llcorner.p))withcolor.black;in
terim.linecap:=rounded;draw(EXPR4)withpen.pencircle.scaled(3/bp_per_pixel)withc
olor.black;fi.endgroup
(SUFFIX0)<-
(SUFFIX1)<-makelabel
(SUFFIX2)<-
(EXPR3)<-"7r"

z@#->begingroup(x(SUFFIX2),y(SUFFIX2))endgroup
(SUFFIX0)<-
(SUFFIX1)<-z
(SUFFIX2)<-7r
{begingroup}
{endgroup}
(EXPR4)<-(234.07135,39.8421)
{begingroup}
{save}
{picture}
{if}
{known((234.07135,39.8421))}
{true}
{("7r")infont("cmr10")}
{(1)/(0.72015)}
{(picture)scaled(1.3886)}
{(unknown picture p)=(picture)}

draw<expr>->addto.currentpicture.if.picture(EXPR0):also(EXPR0)else:doublepath(E
XPR0)t_.withpen.currentpen.fi.pc_

t_->transformed.currenttransform
{((234.07135,39.8421))transformed((0,0,1,0,0,1))}
{(3)/(0.72015)}
{(4.16577)*((0,1))}
{((234.07135,39.8421))+((0,4.16577))}
{lrcorner(picture)}
{(0.5)*((12.33543,0))}
{ulcorner(picture)}
{(0)*((0,8.91528))}
{((6.16772,0))+((0,0))}
{(1)-(0.5)}
{(0.5)-(0)}
{llcorner(picture)}
{(0.5)*((0,0))}
{((6.16772,0))+((0,0))}
{((234.07135,44.00787))-((6.16772,0))}
{(picture)shifted((227.90363,44.00787))}
(EXPR0)<-picture
{addto}
{if}
{picture(picture)}
{true}
{else}

pc_->do_pc_

do_pc_->withcolor.proofcolor
{interim}
{linecap:=1}

draw<expr>->addto.currentpicture.if.picture(EXPR0):also(EXPR0)else:doublepath(E
XPR0)t_.withpen.currentpen.fi.pc_
(EXPR0)<-(234.07135,39.8421)
{addto}
{if}
{picture((234.07135,39.8421))}
{false}

t_->transformed.currenttransform
{((234.07135,39.8421))transformed((0,0,1,0,0,1))}
{fi}

pc_->do_pc_

do_pc_->withcolor.proofcolor
{pencircle}
{(3)/(0.72015)}
{(pen)scaled(4.16577)}
{fi}
{restoring linecap=1}
{restoring p}
{endgroup}
{[repeat the loop]}
{[repeat the loop]}
{fi}
{endgroup}

endchar->scantokens.extra_endchar;if.proofing>0:makebox(proofrule);fi.chardx:=w
;shipit;endgroup
{scantokens}
{if}
{(2)>(0)}
{true}

makebox(TEXT0)->for.y=0,h,-d:(TEXT0)((0,y),(w,y));endfor.for.x=0,w:(TEXT0)((x,-
d),(x,h));endfor.if.charic<>0:(TEXT0)((w+charic*pt,h),(w+charic*pt,0.5h));fi
(TEXT0)<-proofrule
{for}
{-(111.55775)}
{loop value=0}

proofrule(EXPR0)(EXPR1)->begingroup.interim.linecap:=squared;draw(EXPR0)..(EXPR
1)withpen.pencircle.scaled(0.4/bp_per_pixel)withcolor.black;endgroup
(EXPR0)<-(0,0)
(EXPR1)<-(273.91345,0)
{begingroup}
{interim}
{linecap:=2}

draw<expr>->addto.currentpicture.if.picture(EXPR0):also(EXPR0)else:doublepath(E
XPR0)t_.withpen.currentpen.fi.pc_
Path at line 30, before choices:
(0,0){curl 1}
 ..{curl 1}(273.91345,0)

Path at line 30, after choices:
(0,0)..controls (91.30449,0) and (182.60896,0)
 ..(273.91345,0)

(EXPR0)<-path
{addto}
{if}
{picture(path)}
{false}

t_->transformed.currenttransform
{(path)transformed((0,0,1,0,0,1))}
{fi}

pc_->do_pc_

do_pc_->withcolor.proofcolor
{pencircle}
{(0.4)/(0.72015)}
{(pen)scaled(0.55544)}
{restoring linecap=1}
{endgroup}
{[repeat the loop]}
{loop value=398.41956}

proofrule(EXPR0)(EXPR1)->begingroup.interim.linecap:=squared;draw(EXPR0)..(EXPR
1)withpen.pencircle.scaled(0.4/bp_per_pixel)withcolor.black;endgroup
(EXPR0)<-(0,398.41956)
(EXPR1)<-(273.91345,398.41956)
{begingroup}
{interim}
{linecap:=2}

draw<expr>->addto.currentpicture.if.picture(EXPR0):also(EXPR0)else:doublepath(E
XPR0)t_.withpen.currentpen.fi.pc_
Path at line 30, before choices:
(0,398.41956){curl 1}
 ..{curl 1}(273.91345,398.41956)

Path at line 30, after choices:
(0,398.41956)..controls (91.30449,398.41956) and (182.60896,398.41956)
 ..(273.91345,398.41956)

(EXPR0)<-path
{addto}
{if}
{picture(path)}
{false}

t_->transformed.currenttransform
{(path)transformed((0,0,1,0,0,1))}
{fi}

pc_->do_pc_

do_pc_->withcolor.proofcolor
{pencircle}
{(0.4)/(0.72015)}
{(pen)scaled(0.55544)}
{restoring linecap=1}
{endgroup}
{[repeat the loop]}
{loop value=-111.55775}

proofrule(EXPR0)(EXPR1)->begingroup.interim.linecap:=squared;draw(EXPR0)..(EXPR
1)withpen.pencircle.scaled(0.4/bp_per_pixel)withcolor.black;endgroup
(EXPR0)<-(0,-111.55775)
(EXPR1)<-(273.91345,-111.55775)
{begingroup}
{interim}
{linecap:=2}

draw<expr>->addto.currentpicture.if.picture(EXPR0):also(EXPR0)else:doublepath(E
XPR0)t_.withpen.currentpen.fi.pc_
Path at line 30, before choices:
(0,-111.55775){curl 1}
 ..{curl 1}(273.91345,-111.55775)

Path at line 30, after choices:
(0,-111.55775)..controls (91.30449,-111.55775) and (182.60896,-111.55775)
 ..(273.91345,-111.55775)

(EXPR0)<-path
{addto}
{if}
{picture(path)}
{false}

t_->transformed.currenttransform
{(path)transformed((0,0,1,0,0,1))}
{fi}

pc_->do_pc_

do_pc_->withcolor.proofcolor
{pencircle}
{(0.4)/(0.72015)}
{(pen)scaled(0.55544)}
{restoring linecap=1}
{endgroup}
{[repeat the loop]}
{for}
{loop value=0}

proofrule(EXPR0)(EXPR1)->begingroup.interim.linecap:=squared;draw(EXPR0)..(EXPR
1)withpen.pencircle.scaled(0.4/bp_per_pixel)withcolor.black;endgroup
{-(111.55775)}
(EXPR0)<-(0,-111.55775)
(EXPR1)<-(0,398.41956)
{begingroup}
{interim}
{linecap:=2}

draw<expr>->addto.currentpicture.if.picture(EXPR0):also(EXPR0)else:doublepath(E
XPR0)t_.withpen.currentpen.fi.pc_
Path at line 30, before choices:
(0,-111.55775){curl 1}
 ..{curl 1}(0,398.41956)

Path at line 30, after choices:
(0,-111.55775)..controls (0,58.43468) and (0,228.42712)
 ..(0,398.41956)

(EXPR0)<-path
{addto}
{if}
{picture(path)}
{false}

t_->transformed.currenttransform
{(path)transformed((0,0,1,0,0,1))}
{fi}

pc_->do_pc_

do_pc_->withcolor.proofcolor
{pencircle}
{(0.4)/(0.72015)}
{(pen)scaled(0.55544)}
{restoring linecap=1}
{endgroup}
{[repeat the loop]}
{loop value=273.91345}

proofrule(EXPR0)(EXPR1)->begingroup.interim.linecap:=squared;draw(EXPR0)..(EXPR
1)withpen.pencircle.scaled(0.4/bp_per_pixel)withcolor.black;endgroup
{-(111.55775)}
(EXPR0)<-(273.91345,-111.55775)
(EXPR1)<-(273.91345,398.41956)
{begingroup}
{interim}
{linecap:=2}

draw<expr>->addto.currentpicture.if.picture(EXPR0):also(EXPR0)else:doublepath(E
XPR0)t_.withpen.currentpen.fi.pc_
Path at line 30, before choices:
(273.91345,-111.55775){curl 1}
 ..{curl 1}(273.91345,398.41956)

Path at line 30, after choices:
(273.91345,-111.55775)..controls (273.91345,58.43468) and (273.91345,228.42712)
 ..(273.91345,398.41956)

(EXPR0)<-path
{addto}
{if}
{picture(path)}
{false}

t_->transformed.currenttransform
{(path)transformed((0,0,1,0,0,1))}
{fi}

pc_->do_pc_

do_pc_->withcolor.proofcolor
{pencircle}
{(0.4)/(0.72015)}
{(pen)scaled(0.55544)}
{restoring linecap=1}
{endgroup}
{[repeat the loop]}
{if}
{(0)<>(0)}
{false}
{fi}
{chardx:=273.91345}
## chardx=273.91345

shipit->if.proofing>=0:shipout.currentpicture.transformed(identity.shifted(xoff
set,yoffset)scaled.bp_per_pixel)fi
{if}
{(2)>=(0)}
{true}
{shipout}
{((0,0,1,0,0,1))shifted((0,0))}
{((0,0,1,0,0,1))scaled(0.72015)}
{fi}
{(picture)transformed((0,0,0.72015,0,0,0.72015))}
 [50]
Edge structure at line 30 (just shipped out):
Filled contour colored (0.7,0.7,0.7):
(21.12389,214.87091)..controls (42.7386,236.48563) and (59.28734,253.92723)
 ..(89.75357,253.92723)..controls (137.01811,253.92723) and (168.56737,226.8467
9)
 ..(168.56737,180.76202)..controls (168.56737,149.41664) and (151.12901,121.597
87)
 ..(128.44403,99.83765)..controls (128.43661,99.83054) and (37.36214,12.46872)
 ..(37.35472,12.46161)..controls (31.94446,17.87189) and (26.53416,23.28217)
 ..(21.12389,28.69244)..controls (21.13132,28.69955) and (112.20578,116.06137)
 ..(112.2132,116.06848)..controls (129.84547,132.982) and (139.87494,156.33043)
 ..(139.87494,180.76202)..controls (139.87494,211.55626) and (120.52895,230.973
39)
 ..(89.75357,230.97339)..controls (65.571,230.97339) and (51.26291,219.04048)
 ..(34.10861,201.88618)..controls (29.78038,206.21443) and (25.45213,210.54268)
 ..cycle

Filled contour colored (0.7,0.7,0.7):
(21.12389,0)..controls (70.27171,0) and (119.41954,0)
 ..(168.56737,0)..controls (168.56737,9.56415) and (168.56737,19.1283)
 ..(168.56737,28.69244)..controls (119.41954,28.69244) and (70.27171,28.69244)
 ..(21.12389,28.69244)..controls (21.12389,19.1283) and (21.12389,9.56415)
 ..cycle

"1l" infont "cmr10"
transformed (30.23422,204.88618,1,0,0,1)
Filled pen stroke :
(34.10861,201.88618)
round ends, round joins with pen
pencircle transformed (0,0,3,0,0,3)
"2l" infont "cmr10"
transformed (85.87918,233.97339,1,0,0,1)
Filled pen stroke :
(89.75357,230.97339)
round ends, round joins with pen
pencircle transformed (0,0,3,0,0,3)
"3l" infont "cmr10"
transformed (136.00055,183.76202,1,0,0,1)
Filled pen stroke :
(139.87494,180.76202)
round ends, round joins with pen
pencircle transformed (0,0,3,0,0,3)
"4l" infont "cmr10"
transformed (108.3388,119.06848,1,0,0,1)
Filled pen stroke :
(112.2132,116.06848)
round ends, round joins with pen
pencircle transformed (0,0,3,0,0,3)
"5l" infont "cmr10"
transformed (17.24951,31.69244,1,0,0,1)
Filled pen stroke :
(21.12389,28.69244)
round ends, round joins with pen
pencircle transformed (0,0,3,0,0,3)
"6l" infont "cmr10"
transformed (17.24951,3,1,0,0,1)
Filled pen stroke :
(21.12389,0)
round ends, round joins with pen
pencircle transformed (0,0,3,0,0,3)
"7l" infont "cmr10"
transformed (164.693,3,1,0,0,1)
Filled pen stroke :
(168.56737,0)
round ends, round joins with pen
pencircle transformed (0,0,3,0,0,3)
"1" infont "cmr10"
transformed (25.12558,211.37856,1,0,0,1)
Filled pen stroke :
(27.61626,208.37856)
round ends, round joins with pen
pencircle transformed (0,0,3,0,0,3)
"2" infont "cmr10"
transformed (87.2629,245.4503,1,0,0,1)
Filled pen stroke :
(89.75357,242.45032)
round ends, round joins with pen
pencircle transformed (0,0,3,0,0,3)
"3" infont "cmr10"
transformed (151.73047,183.76202,1,0,0,1)
Filled pen stroke :
(154.22116,180.76202)
round ends, round joins with pen
pencircle transformed (0,0,3,0,0,3)
"4" infont "cmr10"
transformed (117.83792,110.95306,1,0,0,1)
Filled pen stroke :
(120.32861,107.95308)
round ends, round joins with pen
pencircle transformed (0,0,3,0,0,3)
"5" infont "cmr10"
transformed (26.74863,23.57701,1,0,0,1)
Filled pen stroke :
(29.23932,20.57703)
round ends, round joins with pen
pencircle transformed (0,0,3,0,0,3)
"6" infont "cmr10"
transformed (18.63321,17.34622,1,0,0,1)
Filled pen stroke :
(21.12389,14.34622)
round ends, round joins with pen
pencircle transformed (0,0,3,0,0,3)
"7" infont "cmr10"
transformed (166.07669,17.34622,1,0,0,1)
Filled pen stroke :
(168.56737,14.34622)
round ends, round joins with pen
pencircle transformed (0,0,3,0,0,3)
"1r" infont "cmr10"
transformed (16.68219,217.87091,1,0,0,1)
Filled pen stroke :
(21.12389,214.87091)
round ends, round joins with pen
pencircle transformed (0,0,3,0,0,3)
"2r" infont "cmr10"
transformed (85.31186,256.92723,1,0,0,1)
Filled pen stroke :
(89.75357,253.92723)
round ends, round joins with pen
pencircle transformed (0,0,3,0,0,3)
"3r" infont "cmr10"
transformed (164.12567,183.76202,1,0,0,1)
Filled pen stroke :
(168.56737,180.76202)
round ends, round joins with pen
pencircle transformed (0,0,3,0,0,3)
"4r" infont "cmr10"
transformed (124.00232,102.83765,1,0,0,1)
Filled pen stroke :
(128.44403,99.83765)
round ends, round joins with pen
pencircle transformed (0,0,3,0,0,3)
"5r" infont "cmr10"
transformed (32.91301,15.46161,1,0,0,1)
Filled pen stroke :
(37.35472,12.46161)
round ends, round joins with pen
pencircle transformed (0,0,3,0,0,3)
"6r" infont "cmr10"
transformed (16.68219,31.69244,1,0,0,1)
Filled pen stroke :
(21.12389,28.69244)
round ends, round joins with pen
pencircle transformed (0,0,3,0,0,3)
"7r" infont "cmr10"
transformed (164.12567,31.69244,1,0,0,1)
Filled pen stroke :
(168.56737,28.69244)
round ends, round joins with pen
pencircle transformed (0,0,3,0,0,3)
Filled pen stroke :
(0,0)..controls (65.75328,0) and (131.50655,0)
 ..(197.25981,0)
square ends, round joins with pen
pencircle transformed (0,0,0.4,0,0,0.4)
Filled pen stroke :
(0,286.92336)..controls (65.75328,286.92336) and (131.50655,286.92336)
 ..(197.25981,286.92336)
square ends, round joins with pen
pencircle transformed (0,0,0.4,0,0,0.4)
Filled pen stroke :
(0,-80.33875)..controls (65.75328,-80.33875) and (131.50655,-80.33875)
 ..(197.25981,-80.33875)
square ends, round joins with pen
pencircle transformed (0,0,0.4,0,0,0.4)
Filled pen stroke :
(0,-80.33875)..controls (0,42.08195) and (0,164.50267)
 ..(0,286.92336)
square ends, round joins with pen
pencircle transformed (0,0,0.4,0,0,0.4)
Filled pen stroke :
(197.25981,-80.33875)..controls (197.25981,42.08195) and (197.25981,164.50267)
 ..(197.25981,286.92336)
square ends, round joins with pen
pencircle transformed (0,0,0.4,0,0,0.4)
End edges

{restoring y}
{restoring x}
{endgroup}
 )
 
Here is how much of MetaPost's memory you used:
 55 strings using 708 characters
 330872 bytes of node memory
 670 symbolic tokens
 8i,87n,12p,191b,2f stack positions out of 16i,98n,15p,200b,4f
1 output file written: 50.svg

