This is MetaPost, version 2.11 (TeX Live 2025) (kpathsea version 6.4.1)  2 JUN 2025 14:01
**../Glyphs/Latin1/75.mf
(c:/texlive/2025/texmf-dist/metapost/base/mfplain.mp
Preloading the plain base, version 0.99: preliminaries,
 basic constants and mathematical macros,
 macros for converting units,
 macros and tables for various modes of operation,
 macros for drawing and filling,
 macros for proof labels and rules,
 macros for character and font administration,
and a few last-minute items.) (../Glyphs/Latin1/75.mf
(../Config/ExploreSansCFG.mf)
{(5.8)*(1)}
{if}
{unknown(mode)}
{true}
{(mode)=(1)}
{fi}
{numeric}
{transform}
{scantokens}
{if}
{string(1)}
{false}
{fi}
{proofing:=2}
{fontmaking:=0}
{tracingtitles:=1}
{blacker:=0}
{o_correction:=1}
{if}
{unknown(mag)}
{true}
{(mag)=(36)}
{else}
{if}
{unknown(36)}
{false}
{if}
{unknown(aspect_ratio)}
{true}
{(aspect_ratio)=(1)}
{fi}
{(0.02)*(36)}
{bp_per_pixel:=0.72015}
{scantokens}
{if}
{unknown((xpart currenttransform,ypart currenttransform,xxpart currenttransform
,xypart currenttransform,yxpart currenttransform,yypart currenttransform))}
{true}
{((xpart currenttransform,ypart currenttransform,xxpart currenttransform,xypart
 currenttransform,yxpart currenttransform,yypart currenttransform))=((0,0,1,0,0
,1))}
{fi}
{nullpicture}
{currentpicture:=picture}
{pencircle}
{(0.4)*(49.80244)}
{(19.92067)+(0)}
{(pen)scaled(19.92067)}
{if}
{numeric(pen)}
{false}
{fi}
{currentpen:=pen}
{((0,-1))penoffset(pen)}
{xpart((-9.96034,0))}
{pen_lft:=-9.96034}
{((0,1))penoffset(pen)}
{xpart((9.96034,0))}
{pen_rt:=9.96034}
{((-1,0))penoffset(pen)}
{ypart((0,9.96034))}
{pen_top:=9.96034}
{((1,0))penoffset(pen)}
{ypart((0,-9.96034))}
{pen_bot:=-9.96034}
{path}
{PROP_WIDTH:=5.8}
{SERIF_C:=0}
{if}
{true}
{(false)=(true)}
{false}
{if}
{true}
{(false)=(true)}
{false}
{(5.8)*(1.05)}
{WIDTH:=6.09003}
{fi}
{fi}
{forsuffixes}
{loop value=SERIF_LENGTH}
{(0.7)*(49.80244)}
{SERIF_LENGTH:=34.86156}
{[repeat the loop]}
{forsuffixes}
{loop value=TERM_LENGTH}
{(1)*(49.80244)}
{TERM_LENGTH:=49.80244}
{[repeat the loop]}
{begingroup}
{if}
{known(75)}
{true}
{else}
{begingroup}
{if}
{string(75)}
{false}
{endgroup}
{charcode:=75}
{charwd:=6.09003}
{charht:=8}
{chardp:=2.24}
{(6.09003)*(49.80244)}
{w:=303.29822}
{(8)*(49.80244)}
{h:=398.41956}
{(2.24)*(49.80244)}
{d:=111.55775}
{charic:=0}
{save}
{nullpicture}
{currentpicture:=picture}
{nullpen}
{currentpen:=pen}
{pen_bot:=0}
{pen_top:=0}
{pen_rt:=0}
{pen_lft:=0}
{path}
{scantokens}
{sind(45)}
{(1)/(0.7071)}
{arm_width_coef:=1.41422}
{(0.15)*(303.29822)}
{(arm_x_delta)=(45.49287)}
{(x1l)=(39.8421)}
{(y1)=(348.61711)}
{(x2l)=(39.8421)}
{(y2)=(0)}
{(303.29822)-(45.49287)}
{(x3)=(257.80534)}
{(y3)=(348.61711)}
{(x5r)=(x3r)}
{(y5r)=(0)}
{begingroup}
{(x1r)-(39.8421)}
{(y1r)-(y1l)}
{((63.74707,0))rotated(0)}
{((x1r-39.8421,linearform))=((63.74707,0))}
{(39.8421)+(103.58917)}
{(0.5)*(143.43127)}
{(x1)=(71.71564)}
{(y1r)+(y1r)}
{(0.5)*(2y1r)}
{(348.61711)=(y1r)}
{endgroup}
{begingroup}
{(x2r)-(39.8421)}
{(y2r)-(y2l)}
{((63.74707,0))rotated(0)}
{((x2r-39.8421,linearform))=((63.74707,0))}
{(39.8421)+(103.58917)}
{(0.5)*(143.43127)}
{(x2)=(71.71564)}
{(y2r)+(y2r)}
{(0.5)*(2y2r)}
{(0)=(y2r)}
{endgroup}
{begingroup}
{endgroup}
{(0.5)*(348.61711)}
{((x4l,y4l))=((103.58917,174.30856))}
{begingroup}
{(x5r)-(x3l)}
{(y3r)-(y3l)}
{((63.74707,0))rotated(0)}
{((linearform,linearform))=((63.74707,0))}
{(x5r-63.74707)+(x5r)}
{(0.5)*(2x5r-63.74707)}
{(257.80534)=(x5r-31.87354)}
{(y3r)+(y3r)}
{(0.5)*(2y3r)}
{(348.61711)=(y3r)}
{endgroup}
{begingroup}
{(x4r)-(103.58917)}
{(y4r)-(174.30856)}
{((63.74707,0))rotated(0)}
{((x4r-103.58917,y4r-174.30856))=((63.74707,0))}
{(103.58917)+(167.33624)}
{(0.5)*(270.92542)}
{(x4)=(135.4627)}
{(174.30856)+(174.30856)}
{(0.5)*(348.61713)}
{(y4)=(174.30856)}
{endgroup}
{begingroup}
{(289.67888)-(x5l)}
{(0)-(y5l)}
{((63.74707,0))rotated(0)}
{((-x5l+289.67888,-y5l))=((63.74707,0))}
{(225.93181)+(289.67888)}
{(0.5)*(515.61069)}
{(x5)=(257.80534)}
{(0)+(0)}
{(0.5)*(0)}
{(y5)=(0)}
{endgroup}
{forsuffixes}
{loop value=l}
{begingroup}
{endgroup}
{begingroup}
{endgroup}
{path_.l:=path}
{[repeat the loop]}
{loop value=r}
{begingroup}
{endgroup}
{begingroup}
{endgroup}
{path_.r:=path}
{[repeat the loop]}
{reverse(path)}
{addto}
{exitif}
{begingroup}
{if}
{(2)>(0)}
{true}
{def}
{else}
{endgroup}
{numeric(vacuous)}
{false}
{(path)transformed((0,0,1,0,0,1))}
{forsuffixes}
{loop value=l}
{begingroup}
{endgroup}
{begingroup}
{endgroup}
{begingroup}
{endgroup}
{path_.l:=path}
{[repeat the loop]}
{loop value=r}
{begingroup}
{endgroup}
{begingroup}
{endgroup}
{begingroup}
{endgroup}
{path_.r:=path}
{[repeat the loop]}
{reverse(path)}
{addto}
{(path)transformed((0,0,1,0,0,1))}
{begingroup}
{if}
{(2)>(1)}
{true}
{forsuffixes}
{loop value=l}
{forsuffixes}
{for}
{(1)+(1)}
{loop value=2}
{[repeat the loop]}
{loop value=3}
{[repeat the loop]}
{loop value=4}
{[repeat the loop]}
{loop value=5}
{[repeat the loop]}
{loop value=1}
{begingroup}
{endgroup}
{begingroup}
{save}
{picture}
{if}
{known((39.8421,348.61711))}
{true}
{("1l")infont("cmr10")}
{(1)/(0.72015)}
{(picture)scaled(1.3886)}
{(unknown picture p)=(picture)}
{((39.8421,348.61711))transformed((0,0,1,0,0,1))}
{(3)/(0.72015)}
{(4.16577)*((0,1))}
{((39.8421,348.61711))+((0,4.16577))}
{lrcorner(picture)}
{(0.5)*((10.75987,0))}
{ulcorner(picture)}
{(0)*((0,9.60701))}
{((5.37994,0))+((0,0))}
{(1)-(0.5)}
{(0.5)-(0)}
{llcorner(picture)}
{(0.5)*((0,0))}
{((5.37994,0))+((0,0))}
{((39.8421,352.78288))-((5.37994,0))}
{(picture)shifted((34.46216,352.78288))}
{addto}
{if}
{picture(picture)}
{true}
{else}
{interim}
{linecap:=1}
{addto}
{if}
{picture((39.8421,348.61711))}
{false}
{((39.8421,348.61711))transformed((0,0,1,0,0,1))}
{fi}
{pencircle}
{(3)/(0.72015)}
{(pen)scaled(4.16577)}
{fi}
{endgroup}
{[repeat the loop]}
{loop value=2}
{begingroup}
{endgroup}
{begingroup}
{save}
{picture}
{if}
{known((39.8421,0))}
{true}
{("2l")infont("cmr10")}
{(1)/(0.72015)}
{(picture)scaled(1.3886)}
{(unknown picture p)=(picture)}
{((39.8421,0))transformed((0,0,1,0,0,1))}
{(3)/(0.72015)}
{(4.16577)*((0,1))}
{((39.8421,0))+((0,4.16577))}
{lrcorner(picture)}
{(0.5)*((10.75987,0))}
{ulcorner(picture)}
{(0)*((0,9.60701))}
{((5.37994,0))+((0,0))}
{(1)-(0.5)}
{(0.5)-(0)}
{llcorner(picture)}
{(0.5)*((0,0))}
{((5.37994,0))+((0,0))}
{((39.8421,4.16577))-((5.37994,0))}
{(picture)shifted((34.46216,4.16577))}
{addto}
{if}
{picture(picture)}
{true}
{else}
{interim}
{linecap:=1}
{addto}
{if}
{picture((39.8421,0))}
{false}
{((39.8421,0))transformed((0,0,1,0,0,1))}
{fi}
{pencircle}
{(3)/(0.72015)}
{(pen)scaled(4.16577)}
{fi}
{endgroup}
{[repeat the loop]}
{loop value=3}
{begingroup}
{endgroup}
{begingroup}
{save}
{picture}
{if}
{known((225.93181,348.61711))}
{true}
{("3l")infont("cmr10")}
{(1)/(0.72015)}
{(picture)scaled(1.3886)}
{(unknown picture p)=(picture)}
{((225.93181,348.61711))transformed((0,0,1,0,0,1))}
{(3)/(0.72015)}
{(4.16577)*((0,1))}
{((225.93181,348.61711))+((0,4.16577))}
{lrcorner(picture)}
{(0.5)*((10.75987,0))}
{ulcorner(picture)}
{(0)*((0,9.60701))}
{((5.37994,0))+((0,0))}
{(1)-(0.5)}
{(0.5)-(0)}
{llcorner(picture)}
{(0.5)*((0,0))}
{((5.37994,0))+((0,0))}
{((225.93181,352.78288))-((5.37994,0))}
{(picture)shifted((220.55186,352.78288))}
{addto}
{if}
{picture(picture)}
{true}
{else}
{interim}
{linecap:=1}
{addto}
{if}
{picture((225.93181,348.61711))}
{false}
{((225.93181,348.61711))transformed((0,0,1,0,0,1))}
{fi}
{pencircle}
{(3)/(0.72015)}
{(pen)scaled(4.16577)}
{fi}
{endgroup}
{[repeat the loop]}
{loop value=4}
{begingroup}
{endgroup}
{begingroup}
{save}
{picture}
{if}
{known((103.58917,174.30856))}
{true}
{("4l")infont("cmr10")}
{(1)/(0.72015)}
{(picture)scaled(1.3886)}
{(unknown picture p)=(picture)}
{((103.58917,174.30856))transformed((0,0,1,0,0,1))}
{(3)/(0.72015)}
{(4.16577)*((0,1))}
{((103.58917,174.30856))+((0,4.16577))}
{lrcorner(picture)}
{(0.5)*((10.75987,0))}
{ulcorner(picture)}
{(0)*((0,9.60701))}
{((5.37994,0))+((0,0))}
{(1)-(0.5)}
{(0.5)-(0)}
{llcorner(picture)}
{(0.5)*((0,0))}
{((5.37994,0))+((0,0))}
{((103.58917,178.47433))-((5.37994,0))}
{(picture)shifted((98.20923,178.47433))}
{addto}
{if}
{picture(picture)}
{true}
{else}
{interim}
{linecap:=1}
{addto}
{if}
{picture((103.58917,174.30856))}
{false}
{((103.58917,174.30856))transformed((0,0,1,0,0,1))}
{fi}
{pencircle}
{(3)/(0.72015)}
{(pen)scaled(4.16577)}
{fi}
{endgroup}
{[repeat the loop]}
{loop value=5}
{begingroup}
{endgroup}
{begingroup}
{save}
{picture}
{if}
{known((225.93181,0))}
{true}
{("5l")infont("cmr10")}
{(1)/(0.72015)}
{(picture)scaled(1.3886)}
{(unknown picture p)=(picture)}
{((225.93181,0))transformed((0,0,1,0,0,1))}
{(3)/(0.72015)}
{(4.16577)*((0,1))}
{((225.93181,0))+((0,4.16577))}
{lrcorner(picture)}
{(0.5)*((10.75987,0))}
{ulcorner(picture)}
{(0)*((0,9.60701))}
{((5.37994,0))+((0,0))}
{(1)-(0.5)}
{(0.5)-(0)}
{llcorner(picture)}
{(0.5)*((0,0))}
{((5.37994,0))+((0,0))}
{((225.93181,4.16577))-((5.37994,0))}
{(picture)shifted((220.55186,4.16577))}
{addto}
{if}
{picture(picture)}
{true}
{else}
{interim}
{linecap:=1}
{addto}
{if}
{picture((225.93181,0))}
{false}
{((225.93181,0))transformed((0,0,1,0,0,1))}
{fi}
{pencircle}
{(3)/(0.72015)}
{(pen)scaled(4.16577)}
{fi}
{endgroup}
{[repeat the loop]}
{[repeat the loop]}
{loop value=}
{forsuffixes}
{for}
{(1)+(1)}
{loop value=2}
{[repeat the loop]}
{loop value=3}
{[repeat the loop]}
{loop value=4}
{[repeat the loop]}
{loop value=5}
{[repeat the loop]}
{loop value=1}
{begingroup}
{endgroup}
{begingroup}
{save}
{picture}
{if}
{known((71.71564,348.61711))}
{true}
{("1")infont("cmr10")}
{(1)/(0.72015)}
{(picture)scaled(1.3886)}
{(unknown picture p)=(picture)}
{((71.71564,348.61711))transformed((0,0,1,0,0,1))}
{(3)/(0.72015)}
{(4.16577)*((0,1))}
{((71.71564,348.61711))+((0,4.16577))}
{lrcorner(picture)}
{(0.5)*((6.91707,0))}
{ulcorner(picture)}
{(0)*((0,8.91528))}
{((3.45854,0))+((0,0))}
{(1)-(0.5)}
{(0.5)-(0)}
{llcorner(picture)}
{(0.5)*((0,0))}
{((3.45854,0))+((0,0))}
{((71.71564,352.78288))-((3.45854,0))}
{(picture)shifted((68.2571,352.78288))}
{addto}
{if}
{picture(picture)}
{true}
{else}
{interim}
{linecap:=1}
{addto}
{if}
{picture((71.71564,348.61711))}
{false}
{((71.71564,348.61711))transformed((0,0,1,0,0,1))}
{fi}
{pencircle}
{(3)/(0.72015)}
{(pen)scaled(4.16577)}
{fi}
{endgroup}
{[repeat the loop]}
{loop value=2}
{begingroup}
{endgroup}
{begingroup}
{save}
{picture}
{if}
{known((71.71564,0))}
{true}
{("2")infont("cmr10")}
{(1)/(0.72015)}
{(picture)scaled(1.3886)}
{(unknown picture p)=(picture)}
{((71.71564,0))transformed((0,0,1,0,0,1))}
{(3)/(0.72015)}
{(4.16577)*((0,1))}
{((71.71564,0))+((0,4.16577))}
{lrcorner(picture)}
{(0.5)*((6.91707,0))}
{ulcorner(picture)}
{(0)*((0,8.91528))}
{((3.45854,0))+((0,0))}
{(1)-(0.5)}
{(0.5)-(0)}
{llcorner(picture)}
{(0.5)*((0,0))}
{((3.45854,0))+((0,0))}
{((71.71564,4.16577))-((3.45854,0))}
{(picture)shifted((68.2571,4.16577))}
{addto}
{if}
{picture(picture)}
{true}
{else}
{interim}
{linecap:=1}
{addto}
{if}
{picture((71.71564,0))}
{false}
{((71.71564,0))transformed((0,0,1,0,0,1))}
{fi}
{pencircle}
{(3)/(0.72015)}
{(pen)scaled(4.16577)}
{fi}
{endgroup}
{[repeat the loop]}
{loop value=3}
{begingroup}
{endgroup}
{begingroup}
{save}
{picture}
{if}
{known((257.80534,348.61711))}
{true}
{("3")infont("cmr10")}
{(1)/(0.72015)}
{(picture)scaled(1.3886)}
{(unknown picture p)=(picture)}
{((257.80534,348.61711))transformed((0,0,1,0,0,1))}
{(3)/(0.72015)}
{(4.16577)*((0,1))}
{((257.80534,348.61711))+((0,4.16577))}
{lrcorner(picture)}
{(0.5)*((6.91707,0))}
{ulcorner(picture)}
{(0)*((0,8.91528))}
{((3.45854,0))+((0,0))}
{(1)-(0.5)}
{(0.5)-(0)}
{llcorner(picture)}
{(0.5)*((0,0))}
{((3.45854,0))+((0,0))}
{((257.80534,352.78288))-((3.45854,0))}
{(picture)shifted((254.3468,352.78288))}
{addto}
{if}
{picture(picture)}
{true}
{else}
{interim}
{linecap:=1}
{addto}
{if}
{picture((257.80534,348.61711))}
{false}
{((257.80534,348.61711))transformed((0,0,1,0,0,1))}
{fi}
{pencircle}
{(3)/(0.72015)}
{(pen)scaled(4.16577)}
{fi}
{endgroup}
{[repeat the loop]}
{loop value=4}
{begingroup}
{endgroup}
{begingroup}
{save}
{picture}
{if}
{known((135.4627,174.30856))}
{true}
{("4")infont("cmr10")}
{(1)/(0.72015)}
{(picture)scaled(1.3886)}
{(unknown picture p)=(picture)}
{((135.4627,174.30856))transformed((0,0,1,0,0,1))}
{(3)/(0.72015)}
{(4.16577)*((0,1))}
{((135.4627,174.30856))+((0,4.16577))}
{lrcorner(picture)}
{(0.5)*((6.91707,0))}
{ulcorner(picture)}
{(0)*((0,8.91528))}
{((3.45854,0))+((0,0))}
{(1)-(0.5)}
{(0.5)-(0)}
{llcorner(picture)}
{(0.5)*((0,0))}
{((3.45854,0))+((0,0))}
{((135.4627,178.47433))-((3.45854,0))}
{(picture)shifted((132.00417,178.47433))}
{addto}
{if}
{picture(picture)}
{true}
{else}
{interim}
{linecap:=1}
{addto}
{if}
{picture((135.4627,174.30856))}
{false}
{((135.4627,174.30856))transformed((0,0,1,0,0,1))}
{fi}
{pencircle}
{(3)/(0.72015)}
{(pen)scaled(4.16577)}
{fi}
{endgroup}
{[repeat the loop]}
{loop value=5}
{begingroup}
{endgroup}
{begingroup}
{save}
{picture}
{if}
{known((257.80534,0))}
{true}
{("5")infont("cmr10")}
{(1)/(0.72015)}
{(picture)scaled(1.3886)}
{(unknown picture p)=(picture)}
{((257.80534,0))transformed((0,0,1,0,0,1))}
{(3)/(0.72015)}
{(4.16577)*((0,1))}
{((257.80534,0))+((0,4.16577))}
{lrcorner(picture)}
{(0.5)*((6.91707,0))}
{ulcorner(picture)}
{(0)*((0,8.91528))}
{((3.45854,0))+((0,0))}
{(1)-(0.5)}
{(0.5)-(0)}
{llcorner(picture)}
{(0.5)*((0,0))}
{((3.45854,0))+((0,0))}
{((257.80534,4.16577))-((3.45854,0))}
{(picture)shifted((254.3468,4.16577))}
{addto}
{if}
{picture(picture)}
{true}
{else}
{interim}
{linecap:=1}
{addto}
{if}
{picture((257.80534,0))}
{false}
{((257.80534,0))transformed((0,0,1,0,0,1))}
{fi}
{pencircle}
{(3)/(0.72015)}
{(pen)scaled(4.16577)}
{fi}
{endgroup}
{[repeat the loop]}
{[repeat the loop]}
{loop value=r}
{forsuffixes}
{for}
{(1)+(1)}
{loop value=2}
{[repeat the loop]}
{loop value=3}
{[repeat the loop]}
{loop value=4}
{[repeat the loop]}
{loop value=5}
{[repeat the loop]}
{loop value=1}
{begingroup}
{endgroup}
{begingroup}
{save}
{picture}
{if}
{known((103.58917,348.61711))}
{true}
{("1r")infont("cmr10")}
{(1)/(0.72015)}
{(picture)scaled(1.3886)}
{(unknown picture p)=(picture)}
{((103.58917,348.61711))transformed((0,0,1,0,0,1))}
{(3)/(0.72015)}
{(4.16577)*((0,1))}
{((103.58917,348.61711))+((0,4.16577))}
{lrcorner(picture)}
{(0.5)*((12.33543,0))}
{ulcorner(picture)}
{(0)*((0,8.91528))}
{((6.16772,0))+((0,0))}
{(1)-(0.5)}
{(0.5)-(0)}
{llcorner(picture)}
{(0.5)*((0,0))}
{((6.16772,0))+((0,0))}
{((103.58917,352.78288))-((6.16772,0))}
{(picture)shifted((97.42145,352.78288))}
{addto}
{if}
{picture(picture)}
{true}
{else}
{interim}
{linecap:=1}
{addto}
{if}
{picture((103.58917,348.61711))}
{false}
{((103.58917,348.61711))transformed((0,0,1,0,0,1))}
{fi}
{pencircle}
{(3)/(0.72015)}
{(pen)scaled(4.16577)}
{fi}
{endgroup}
{[repeat the loop]}
{loop value=2}
{begingroup}
{endgroup}
{begingroup}
{save}
{picture}
{if}
{known((103.58917,0))}
{true}
{("2r")infont("cmr10")}
{(1)/(0.72015)}
{(picture)scaled(1.3886)}
{(unknown picture p)=(picture)}
{((103.58917,0))transformed((0,0,1,0,0,1))}
{(3)/(0.72015)}
{(4.16577)*((0,1))}
{((103.58917,0))+((0,4.16577))}
{lrcorner(picture)}
{(0.5)*((12.33543,0))}
{ulcorner(picture)}
{(0)*((0,8.91528))}
{((6.16772,0))+((0,0))}
{(1)-(0.5)}
{(0.5)-(0)}
{llcorner(picture)}
{(0.5)*((0,0))}
{((6.16772,0))+((0,0))}
{((103.58917,4.16577))-((6.16772,0))}
{(picture)shifted((97.42145,4.16577))}
{addto}
{if}
{picture(picture)}
{true}
{else}
{interim}
{linecap:=1}
{addto}
{if}
{picture((103.58917,0))}
{false}
{((103.58917,0))transformed((0,0,1,0,0,1))}
{fi}
{pencircle}
{(3)/(0.72015)}
{(pen)scaled(4.16577)}
{fi}
{endgroup}
{[repeat the loop]}
{loop value=3}
{begingroup}
{endgroup}
{begingroup}
{save}
{picture}
{if}
{known((289.67888,348.61711))}
{true}
{("3r")infont("cmr10")}
{(1)/(0.72015)}
{(picture)scaled(1.3886)}
{(unknown picture p)=(picture)}
{((289.67888,348.61711))transformed((0,0,1,0,0,1))}
{(3)/(0.72015)}
{(4.16577)*((0,1))}
{((289.67888,348.61711))+((0,4.16577))}
{lrcorner(picture)}
{(0.5)*((12.33543,0))}
{ulcorner(picture)}
{(0)*((0,8.91528))}
{((6.16772,0))+((0,0))}
{(1)-(0.5)}
{(0.5)-(0)}
{llcorner(picture)}
{(0.5)*((0,0))}
{((6.16772,0))+((0,0))}
{((289.67888,352.78288))-((6.16772,0))}
{(picture)shifted((283.51115,352.78288))}
{addto}
{if}
{picture(picture)}
{true}
{else}
{interim}
{linecap:=1}
{addto}
{if}
{picture((289.67888,348.61711))}
{false}
{((289.67888,348.61711))transformed((0,0,1,0,0,1))}
{fi}
{pencircle}
{(3)/(0.72015)}
{(pen)scaled(4.16577)}
{fi}
{endgroup}
{[repeat the loop]}
{loop value=4}
{begingroup}
{endgroup}
{begingroup}
{save}
{picture}
{if}
{known((167.33624,174.30856))}
{true}
{("4r")infont("cmr10")}
{(1)/(0.72015)}
{(picture)scaled(1.3886)}
{(unknown picture p)=(picture)}
{((167.33624,174.30856))transformed((0,0,1,0,0,1))}
{(3)/(0.72015)}
{(4.16577)*((0,1))}
{((167.33624,174.30856))+((0,4.16577))}
{lrcorner(picture)}
{(0.5)*((12.33543,0))}
{ulcorner(picture)}
{(0)*((0,8.91528))}
{((6.16772,0))+((0,0))}
{(1)-(0.5)}
{(0.5)-(0)}
{llcorner(picture)}
{(0.5)*((0,0))}
{((6.16772,0))+((0,0))}
{((167.33624,178.47433))-((6.16772,0))}
{(picture)shifted((161.16852,178.47433))}
{addto}
{if}
{picture(picture)}
{true}
{else}
{interim}
{linecap:=1}
{addto}
{if}
{picture((167.33624,174.30856))}
{false}
{((167.33624,174.30856))transformed((0,0,1,0,0,1))}
{fi}
{pencircle}
{(3)/(0.72015)}
{(pen)scaled(4.16577)}
{fi}
{endgroup}
{[repeat the loop]}
{loop value=5}
{begingroup}
{endgroup}
{begingroup}
{save}
{picture}
{if}
{known((289.67888,0))}
{true}
{("5r")infont("cmr10")}
{(1)/(0.72015)}
{(picture)scaled(1.3886)}
{(unknown picture p)=(picture)}
{((289.67888,0))transformed((0,0,1,0,0,1))}
{(3)/(0.72015)}
{(4.16577)*((0,1))}
{((289.67888,0))+((0,4.16577))}
{lrcorner(picture)}
{(0.5)*((12.33543,0))}
{ulcorner(picture)}
{(0)*((0,8.91528))}
{((6.16772,0))+((0,0))}
{(1)-(0.5)}
{(0.5)-(0)}
{llcorner(picture)}
{(0.5)*((0,0))}
{((6.16772,0))+((0,0))}
{((289.67888,4.16577))-((6.16772,0))}
{(picture)shifted((283.51115,4.16577))}
{addto}
{if}
{picture(picture)}
{true}
{else}
{interim}
{linecap:=1}
{addto}
{if}
{picture((289.67888,0))}
{false}
{((289.67888,0))transformed((0,0,1,0,0,1))}
{fi}
{pencircle}
{(3)/(0.72015)}
{(pen)scaled(4.16577)}
{fi}
{endgroup}
{[repeat the loop]}
{[repeat the loop]}
{fi}
{endgroup}
{scantokens}
{if}
{(2)>(0)}
{true}
{for}
{-(111.55775)}
{loop value=0}
{begingroup}
{interim}
{linecap:=2}
{addto}
{if}
{picture(path)}
{false}
{(path)transformed((0,0,1,0,0,1))}
{fi}
{pencircle}
{(0.4)/(0.72015)}
{(pen)scaled(0.55544)}
{endgroup}
{[repeat the loop]}
{loop value=398.41956}
{begingroup}
{interim}
{linecap:=2}
{addto}
{if}
{picture(path)}
{false}
{(path)transformed((0,0,1,0,0,1))}
{fi}
{pencircle}
{(0.4)/(0.72015)}
{(pen)scaled(0.55544)}
{endgroup}
{[repeat the loop]}
{loop value=-111.55775}
{begingroup}
{interim}
{linecap:=2}
{addto}
{if}
{picture(path)}
{false}
{(path)transformed((0,0,1,0,0,1))}
{fi}
{pencircle}
{(0.4)/(0.72015)}
{(pen)scaled(0.55544)}
{endgroup}
{[repeat the loop]}
{for}
{loop value=0}
{-(111.55775)}
{begingroup}
{interim}
{linecap:=2}
{addto}
{if}
{picture(path)}
{false}
{(path)transformed((0,0,1,0,0,1))}
{fi}
{pencircle}
{(0.4)/(0.72015)}
{(pen)scaled(0.55544)}
{endgroup}
{[repeat the loop]}
{loop value=303.29822}
{-(111.55775)}
{begingroup}
{interim}
{linecap:=2}
{addto}
{if}
{picture(path)}
{false}
{(path)transformed((0,0,1,0,0,1))}
{fi}
{pencircle}
{(0.4)/(0.72015)}
{(pen)scaled(0.55544)}
{endgroup}
{[repeat the loop]}
{if}
{(0)<>(0)}
{false}
{fi}
{chardx:=303.29822}
{if}
{(2)>=(0)}
{true}
{shipout}
{((0,0,1,0,0,1))shifted((0,0))}
{((0,0,1,0,0,1))scaled(0.72015)}
{fi}
{(picture)transformed((0,0,0.72015,0,0,0.72015))}
 [75]
{endgroup}
 )
1 output file written: 75.svg

